SF:src\__init__.py
DA:6,1
DA:7,1
LF:2
LH:2
end_of_record
SF:src\application\__init__.py
end_of_record
SF:src\application\common\__init__.py
end_of_record
SF:src\application\common\interfaces\__init__.py
DA:5,1
DA:7,1
LF:2
LH:2
end_of_record
SF:src\application\common\interfaces\use_case.py
DA:5,1
DA:6,1
DA:9,1
DA:10,1
DA:13,1
LF:5
LH:5
FN:22,32,UseCase.execute
FNDA:0,UseCase.execute
FNF:1
FNH:0
end_of_record
SF:src\application\consensus\commands\register_validator.py
DA:5,1
DA:6,1
DA:8,1
DA:9,1
DA:12,1
DA:13,1
DA:21,1
DA:22,1
DA:23,1
DA:25,1
DA:27,0
DA:28,0
DA:30,0
DA:31,0
LF:14
LH:10
FN:25,31,RegisterValidatorCommand.__post_init__
FNDA:0,RegisterValidatorCommand.__post_init__
FNF:1
FNH:0
end_of_record
SF:src\application\consensus\commands\register_validator_handler.py
DA:5,1
DA:7,1
DA:8,1
DA:9,1
DA:10,1
DA:11,1
DA:12,1
DA:36,1
DA:41,1
DA:46,0
DA:47,0
DA:49,1
DA:62,0
DA:64,0
DA:68,0
DA:69,0
DA:74,0
DA:81,0
DA:84,0
DA:87,0
DA:90,0
DA:98,0
DA:99,0
DA:100,0
DA:101,0
DA:103,1
DA:110,0
DA:112,0
DA:115,0
DA:117,0
LF:30
LH:11
FN:20,33,RegisterValidatorHandler.handle
FNDA:0,RegisterValidatorHandler.handle
FN:41,47,RegisterValidatorHandlerImpl.__init__
FNDA:0,RegisterValidatorHandlerImpl.__init__
FN:49,101,RegisterValidatorHandlerImpl.handle
FNDA:0,RegisterValidatorHandlerImpl.handle
FN:103,117,RegisterValidatorHandlerImpl._process_domain_events
FNDA:0,RegisterValidatorHandlerImpl._process_domain_events
FNF:4
FNH:0
end_of_record
SF:src\application\consensus\dto\consensus_dto.py
DA:5,1
DA:6,1
DA:7,1
DA:9,1
DA:10,1
DA:11,1
DA:14,1
DA:15,1
DA:23,1
DA:24,1
DA:25,1
DA:26,1
DA:27,1
DA:28,1
DA:29,1
DA:30,1
DA:31,1
DA:33,1
DA:34,1
DA:36,0
DA:39,1
DA:40,1
DA:45,1
DA:46,1
DA:47,1
DA:48,1
DA:49,1
DA:52,1
DA:53,1
DA:58,1
DA:59,1
DA:60,1
DA:61,1
DA:62,1
LF:34
LH:33
FN:34,36,ValidatorDTO.staking_power
FNDA:0,ValidatorDTO.staking_power
FNF:1
FNH:0
end_of_record
SF:src\application\services\__init__.py
end_of_record
SF:src\application\transaction\__init__.py
end_of_record
SF:src\application\transaction\commands\__init__.py
end_of_record
SF:src\application\transaction\commands\create_transfer.py
DA:5,0
DA:6,0
DA:8,0
DA:9,0
DA:12,0
DA:13,0
DA:18,0
DA:19,0
DA:20,0
DA:21,0
DA:22,0
DA:23,0
DA:25,0
DA:27,0
DA:28,0
DA:30,0
DA:31,0
DA:33,0
DA:34,0
DA:36,0
DA:37,0
DA:39,0
DA:40,0
DA:43,0
DA:44,0
DA:49,0
DA:50,0
DA:51,0
DA:52,0
DA:54,0
DA:56,0
DA:57,0
DA:59,0
DA:60,0
DA:62,0
DA:63,0
DA:66,0
DA:67,0
DA:72,0
DA:73,0
DA:74,0
DA:76,0
DA:78,0
DA:79,0
DA:81,0
DA:82,0
DA:84,0
DA:85,0
DA:88,0
DA:89,0
DA:94,0
DA:95,0
DA:97,0
DA:99,0
DA:100,0
DA:102,0
DA:103,0
LF:57
LH:0
FN:25,40,CreateTransferCommand.__post_init__
FNDA:0,CreateTransferCommand.__post_init__
FN:54,63,CreateStakeCommand.__post_init__
FNDA:0,CreateStakeCommand.__post_init__
FN:76,85,ConfirmTransactionCommand.__post_init__
FNDA:0,ConfirmTransactionCommand.__post_init__
FN:97,103,FailTransactionCommand.__post_init__
FNDA:0,FailTransactionCommand.__post_init__
FNF:4
FNH:0
end_of_record
SF:src\application\transaction\commands\create_transfer_command.py
DA:4,1
DA:5,1
DA:6,1
DA:8,1
DA:9,1
DA:10,1
DA:11,1
DA:13,1
DA:14,1
DA:17,1
DA:18,1
DA:19,1
DA:20,1
DA:21,1
DA:23,1
DA:25,1
DA:26,0
DA:28,1
DA:29,0
DA:31,1
DA:32,0
DA:34,1
DA:35,1
DA:38,1
DA:39,1
DA:40,1
DA:41,1
DA:42,1
DA:43,1
DA:44,1
DA:45,1
DA:46,1
DA:48,1
DA:51,1
DA:57,1
DA:58,1
DA:59,1
DA:61,1
DA:75,1
DA:77,1
DA:78,1
DA:81,1
DA:82,1
DA:84,1
DA:85,0
DA:87,1
DA:88,1
DA:91,1
DA:92,1
DA:95,1
DA:96,0
DA:98,1
DA:99,0
DA:102,1
DA:103,1
DA:106,1
DA:107,1
DA:110,1
DA:111,1
DA:114,1
DA:115,1
DA:118,1
DA:119,1
DA:122,1
DA:125,1
DA:126,1
DA:127,1
DA:128,1
DA:131,1
DA:132,1
DA:134,1
DA:146,1
DA:148,1
DA:149,1
DA:150,0
DA:152,1
DA:163,1
DA:164,1
DA:166,1
LF:79
LH:72
FN:23,32,CreateTransferCommand.__post_init__
FNDA:1,CreateTransferCommand.__post_init__
FN:51,59,CreateTransferCommandHandler.__init__
FNDA:1,CreateTransferCommandHandler.__init__
FN:61,150,CreateTransferCommandHandler.execute
FNDA:1,CreateTransferCommandHandler.execute
FN:152,166,CreateTransferCommandHandler._calculate_fee
FNDA:1,CreateTransferCommandHandler._calculate_fee
FNF:4
FNH:4
end_of_record
SF:src\application\transaction\commands\create_transfer_handler.py
DA:5,0
DA:7,0
DA:8,0
DA:9,0
DA:10,0
DA:11,0
DA:35,0
DA:40,0
DA:45,0
DA:46,0
DA:48,0
DA:61,0
DA:63,0
DA:64,0
DA:65,0
DA:68,0
DA:69,0
DA:70,0
DA:73,0
DA:74,0
DA:75,0
DA:80,0
DA:90,0
DA:93,0
DA:95,0
DA:97,0
DA:98,0
DA:99,0
DA:100,0
DA:102,0
DA:109,0
DA:111,0
DA:114,0
DA:116,0
LF:34
LH:0
FN:19,32,CreateTransferHandler.execute
FNDA:0,CreateTransferHandler.execute
FN:40,46,CreateTransferHandlerImpl.__init__
FNDA:0,CreateTransferHandlerImpl.__init__
FN:48,100,CreateTransferHandlerImpl.execute
FNDA:0,CreateTransferHandlerImpl.execute
FN:102,116,CreateTransferHandlerImpl._process_domain_events
FNDA:0,CreateTransferHandlerImpl._process_domain_events
FNF:4
FNH:0
end_of_record
SF:src\application\transaction\queries\__init__.py
end_of_record
SF:src\application\transaction\queries\get_transaction.py
DA:5,1
DA:6,1
DA:7,1
DA:9,1
DA:12,1
DA:13,1
DA:18,1
DA:20,1
DA:22,0
DA:23,0
DA:26,1
DA:27,1
DA:32,1
DA:33,1
DA:34,1
DA:36,1
DA:38,0
DA:39,0
DA:41,0
DA:42,0
DA:44,0
DA:45,0
DA:48,1
DA:49,1
DA:54,1
DA:55,1
DA:57,1
DA:59,0
DA:60,0
DA:62,0
DA:63,0
DA:66,1
DA:67,1
DA:72,1
DA:74,1
DA:77,0
LF:36
LH:23
FN:20,23,GetTransactionQuery.__post_init__
FNDA:0,GetTransactionQuery.__post_init__
FN:36,45,GetTransactionsByAddressQuery.__post_init__
FNDA:0,GetTransactionsByAddressQuery.__post_init__
FN:57,63,GetPendingTransactionsQuery.__post_init__
FNDA:0,GetPendingTransactionsQuery.__post_init__
FN:74,77,GetTransactionStatsQuery.__post_init__
FNDA:0,GetTransactionStatsQuery.__post_init__
FNF:4
FNH:0
end_of_record
SF:src\application\use_cases\__init__.py
end_of_record
SF:src\application\wallet\commands\__init__.py
DA:5,1
DA:7,1
LF:2
LH:2
end_of_record
SF:src\application\wallet\commands\create_wallet.py
DA:5,1
DA:6,1
DA:8,1
DA:9,1
DA:10,1
DA:11,1
DA:12,1
DA:15,1
DA:16,1
DA:24,1
DA:25,1
DA:26,1
DA:29,1
DA:30,1
DA:33,1
DA:34,1
DA:35,1
DA:36,1
DA:37,1
DA:40,1
DA:52,1
DA:53,1
DA:54,1
DA:56,1
DA:60,1
DA:61,1
DA:62,1
DA:68,1
DA:73,1
DA:76,1
DA:77,1
DA:79,1
DA:82,1
LF:33
LH:33
FN:52,54,CreateWalletCommandHandler.__init__
FNDA:1,CreateWalletCommandHandler.__init__
FN:56,88,CreateWalletCommandHandler.execute
FNDA:1,CreateWalletCommandHandler.execute
FNF:2
FNH:2
end_of_record
SF:src\application\wallet\queries\__init__.py
DA:5,1
DA:7,1
LF:2
LH:2
end_of_record
SF:src\application\wallet\queries\get_wallet.py
DA:5,1
DA:7,1
DA:8,1
DA:9,1
DA:10,1
DA:13,1
DA:14,1
DA:17,1
DA:20,1
DA:21,1
DA:24,1
DA:25,1
DA:26,1
DA:27,1
DA:28,1
DA:29,1
DA:30,1
DA:31,1
DA:32,1
DA:35,1
DA:44,1
DA:45,1
DA:47,1
DA:51,1
DA:54,1
DA:56,1
DA:57,1
DA:63,1
LF:28
LH:28
FN:44,45,GetWalletQueryHandler.__init__
FNDA:1,GetWalletQueryHandler.__init__
FN:47,73,GetWalletQueryHandler.execute
FNDA:1,GetWalletQueryHandler.execute
FNF:2
FNH:2
end_of_record
SF:src\domain\__init__.py
end_of_record
SF:src\domain\blockchain\__init__.py
end_of_record
SF:src\domain\consensus\__init__.py
end_of_record
SF:src\domain\consensus\entities\__init__.py
end_of_record
SF:src\domain\consensus\entities\validator.py
DA:5,1
DA:6,1
DA:7,1
DA:9,1
DA:10,1
DA:11,1
DA:12,1
DA:13,1
DA:16,1
DA:17,1
DA:34,1
DA:35,1
DA:38,1
DA:39,1
DA:40,1
DA:41,1
DA:44,1
DA:45,1
DA:46,1
DA:49,1
DA:52,1
DA:54,1
DA:55,1
DA:75,1
DA:77,1
DA:95,1
DA:97,1
DA:107,1
DA:108,0
DA:110,1
DA:111,1
DA:112,1
DA:122,1
DA:132,1
DA:133,0
DA:135,1
DA:138,1
DA:139,1
DA:140,0
DA:142,1
DA:143,1
DA:144,1
DA:154,1
DA:156,1
DA:157,0
DA:159,1
DA:160,1
DA:168,1
DA:170,1
DA:171,0
DA:173,1
DA:174,1
DA:182,1
DA:184,1
DA:185,1
DA:186,1
DA:188,1
DA:195,1
DA:196,1
DA:198,1
DA:199,1
DA:209,1
DA:219,1
DA:221,1
DA:223,0
DA:225,1
DA:227,1
DA:229,1
DA:231,1
LF:69
LH:63
FN:55,95,Validator.create
FNDA:1,Validator.create
FN:97,112,Validator.increase_stake
FNDA:1,Validator.increase_stake
FN:122,144,Validator.decrease_stake
FNDA:1,Validator.decrease_stake
FN:154,160,Validator.deactivate
FNDA:1,Validator.deactivate
FN:168,174,Validator.activate
FNDA:1,Validator.activate
FN:182,186,Validator.record_block_validation
FNDA:1,Validator.record_block_validation
FN:188,199,Validator.add_rewards
FNDA:1,Validator.add_rewards
FN:209,219,Validator.get_staking_power
FNDA:1,Validator.get_staking_power
FN:221,223,Validator._add_event
FNDA:0,Validator._add_event
FN:225,227,Validator.get_events
FNDA:1,Validator.get_events
FN:229,231,Validator.clear_events
FNDA:1,Validator.clear_events
FNF:11
FNH:10
end_of_record
SF:src\domain\consensus\events\__init__.py
end_of_record
SF:src\domain\consensus\events\rewards_added.py
DA:5,0
DA:6,0
DA:7,0
DA:9,0
DA:10,0
DA:11,0
DA:13,0
DA:14,0
DA:17,0
DA:18,0
DA:28,0
DA:29,0
DA:30,0
DA:31,0
DA:33,0
DA:34,0
DA:35,0
DA:37,0
DA:38,0
DA:39,0
DA:41,0
DA:42,0
LF:22
LH:0
FN:34,35,RewardsAdded.event_type
FNDA:0,RewardsAdded.event_type
FN:38,39,RewardsAdded.aggregate_id
FNDA:0,RewardsAdded.aggregate_id
FN:41,48,RewardsAdded.to_dict
FNDA:0,RewardsAdded.to_dict
FNF:3
FNH:0
end_of_record
SF:src\domain\consensus\events\stake_decreased.py
DA:5,0
DA:6,0
DA:8,0
DA:9,0
DA:10,0
DA:11,0
DA:13,0
DA:14,0
DA:17,0
DA:18,0
DA:28,0
DA:29,0
DA:30,0
DA:31,0
DA:33,0
DA:34,0
DA:35,0
DA:37,0
DA:38,0
DA:39,0
DA:41,0
DA:42,0
LF:22
LH:0
FN:34,35,StakeDecreased.event_type
FNDA:0,StakeDecreased.event_type
FN:38,39,StakeDecreased.aggregate_id
FNDA:0,StakeDecreased.aggregate_id
FN:41,49,StakeDecreased.to_dict
FNDA:0,StakeDecreased.to_dict
FNF:3
FNH:0
end_of_record
SF:src\domain\consensus\events\stake_increased.py
DA:5,0
DA:6,0
DA:8,0
DA:9,0
DA:10,0
DA:11,0
DA:13,0
DA:14,0
DA:17,0
DA:18,0
DA:28,0
DA:29,0
DA:30,0
DA:31,0
DA:33,0
DA:34,0
DA:35,0
DA:37,0
DA:38,0
DA:39,0
DA:41,0
DA:42,0
LF:22
LH:0
FN:34,35,StakeIncreased.event_type
FNDA:0,StakeIncreased.event_type
FN:38,39,StakeIncreased.aggregate_id
FNDA:0,StakeIncreased.aggregate_id
FN:41,49,StakeIncreased.to_dict
FNDA:0,StakeIncreased.to_dict
FNF:3
FNH:0
end_of_record
SF:src\domain\consensus\events\validator_activated.py
DA:5,0
DA:6,0
DA:8,0
DA:9,0
DA:10,0
DA:12,0
DA:13,0
DA:16,0
DA:17,0
DA:27,0
DA:28,0
DA:30,0
DA:31,0
DA:32,0
DA:34,0
DA:35,0
DA:36,0
DA:38,0
DA:39,0
LF:19
LH:0
FN:31,32,ValidatorActivated.event_type
FNDA:0,ValidatorActivated.event_type
FN:35,36,ValidatorActivated.aggregate_id
FNDA:0,ValidatorActivated.aggregate_id
FN:38,43,ValidatorActivated.to_dict
FNDA:0,ValidatorActivated.to_dict
FNF:3
FNH:0
end_of_record
SF:src\domain\consensus\events\validator_deactivated.py
DA:5,0
DA:6,0
DA:8,0
DA:9,0
DA:10,0
DA:12,0
DA:13,0
DA:16,0
DA:17,0
DA:27,0
DA:28,0
DA:30,0
DA:31,0
DA:32,0
DA:34,0
DA:35,0
DA:36,0
DA:38,0
DA:39,0
LF:19
LH:0
FN:31,32,ValidatorDeactivated.event_type
FNDA:0,ValidatorDeactivated.event_type
FN:35,36,ValidatorDeactivated.aggregate_id
FNDA:0,ValidatorDeactivated.aggregate_id
FN:38,43,ValidatorDeactivated.to_dict
FNDA:0,ValidatorDeactivated.to_dict
FNF:3
FNH:0
end_of_record
SF:src\domain\consensus\events\validator_registered.py
DA:5,0
DA:6,0
DA:8,0
DA:9,0
DA:10,0
DA:11,0
DA:12,0
DA:14,0
DA:15,0
DA:18,0
DA:19,0
DA:29,0
DA:30,0
DA:31,0
DA:32,0
DA:34,0
DA:35,0
DA:36,0
DA:38,0
DA:39,0
DA:40,0
DA:42,0
DA:43,0
LF:23
LH:0
FN:35,36,ValidatorRegistered.event_type
FNDA:0,ValidatorRegistered.event_type
FN:39,40,ValidatorRegistered.aggregate_id
FNDA:0,ValidatorRegistered.aggregate_id
FN:42,49,ValidatorRegistered.to_dict
FNDA:0,ValidatorRegistered.to_dict
FNF:3
FNH:0
end_of_record
SF:src\domain\consensus\repositories\__init__.py
end_of_record
SF:src\domain\consensus\repositories\validator_repository.py
DA:5,1
DA:6,1
DA:8,1
DA:9,1
DA:10,1
DA:13,1
LF:6
LH:6
FN:22,29,ValidatorRepository.save
FNDA:0,ValidatorRepository.save
FN:32,42,ValidatorRepository.find_by_id
FNDA:0,ValidatorRepository.find_by_id
FN:45,55,ValidatorRepository.find_by_wallet_address
FNDA:0,ValidatorRepository.find_by_wallet_address
FN:58,65,ValidatorRepository.find_all_active
FNDA:0,ValidatorRepository.find_all_active
FN:68,75,ValidatorRepository.find_all
FNDA:0,ValidatorRepository.find_all
FN:78,85,ValidatorRepository.delete
FNDA:0,ValidatorRepository.delete
FN:88,95,ValidatorRepository.count
FNDA:0,ValidatorRepository.count
FN:98,105,ValidatorRepository.count_active
FNDA:0,ValidatorRepository.count_active
FNF:8
FNH:0
end_of_record
SF:src\domain\consensus\services\__init__.py
end_of_record
SF:src\domain\consensus\services\consensus_service.py
DA:5,1
DA:6,1
DA:7,1
DA:9,1
DA:10,1
DA:11,1
DA:12,1
DA:15,1
DA:26,1
DA:27,0
DA:28,0
DA:29,0
DA:31,1
DA:38,0
DA:39,0
DA:40,0
DA:42,1
DA:49,0
DA:54,1
DA:69,0
DA:70,0
DA:73,0
DA:80,0
DA:82,0
DA:83,0
DA:86,0
DA:89,0
DA:90,0
DA:92,0
DA:93,0
DA:94,0
DA:95,0
DA:98,0
DA:100,1
DA:112,0
DA:113,0
DA:116,0
DA:117,0
DA:118,0
DA:121,0
DA:123,0
DA:124,0
DA:125,0
DA:126,0
DA:129,0
DA:130,0
DA:133,0
DA:134,0
DA:137,0
DA:139,0
DA:141,0
DA:142,0
DA:144,1
DA:156,0
DA:159,0
DA:162,0
DA:163,0
DA:165,0
DA:168,0
DA:170,0
DA:172,1
DA:179,0
DA:180,0
DA:182,0
DA:184,0
DA:189,0
DA:191,1
DA:198,0
DA:199,0
DA:201,0
DA:209,1
DA:211,0
DA:216,1
DA:227,0
DA:229,1
DA:240,0
DA:241,0
DA:242,0
DA:243,0
DA:244,0
DA:246,0
LF:81
LH:19
FN:26,29,ConsensusService.__init__
FNDA:0,ConsensusService.__init__
FN:31,40,ConsensusService.register_validator
FNDA:0,ConsensusService.register_validator
FN:42,52,ConsensusService.remove_validator
FNDA:0,ConsensusService.remove_validator
FN:54,98,ConsensusService.select_validator_for_round
FNDA:0,ConsensusService.select_validator_for_round
FN:100,142,ConsensusService.validate_block
FNDA:0,ConsensusService.validate_block
FN:144,170,ConsensusService.calculate_rewards
FNDA:0,ConsensusService.calculate_rewards
FN:172,189,ConsensusService.start_new_round
FNDA:0,ConsensusService.start_new_round
FN:191,207,ConsensusService.get_consensus_stats
FNDA:0,ConsensusService.get_consensus_stats
FN:209,214,ConsensusService._sort_validators_by_stake
FNDA:0,ConsensusService._sort_validators_by_stake
FN:216,227,ConsensusService._validate_previous_hash
FNDA:0,ConsensusService._validate_previous_hash
FN:229,246,ConsensusService._validate_transactions
FNDA:0,ConsensusService._validate_transactions
FNF:11
FNH:0
end_of_record
SF:src\domain\consensus\services\monetary_policy_service.py
DA:5,0
DA:6,0
DA:7,0
DA:9,0
DA:10,0
DA:13,0
DA:14,0
DA:26,0
DA:27,0
DA:28,0
DA:29,0
DA:30,0
DA:32,0
DA:33,0
DA:43,0
DA:46,0
DA:48,0
DA:51,0
DA:52,0
DA:53,0
DA:55,0
DA:57,0
DA:58,0
DA:68,0
DA:70,0
DA:72,0
DA:73,0
DA:76,0
DA:77,0
DA:78,0
DA:80,0
DA:82,0
DA:83,0
DA:93,0
DA:94,0
DA:96,0
DA:98,0
DA:99,0
DA:109,0
DA:110,0
DA:111,0
DA:113,0
DA:115,0
DA:127,0
DA:138,0
DA:139,0
DA:140,0
DA:142,0
DA:149,0
DA:151,0
DA:158,0
DA:160,0
DA:167,0
DA:169,0
DA:176,0
DA:178,0
DA:185,0
DA:187,0
DA:194,0
DA:195,0
DA:197,0
DA:204,0
DA:206,0
DA:208,0
DA:211,0
DA:212,0
LF:66
LH:0
FN:33,55,MonetaryPolicy.calculate_current_supply
FNDA:0,MonetaryPolicy.calculate_current_supply
FN:58,80,MonetaryPolicy.calculate_block_reward
FNDA:0,MonetaryPolicy.calculate_block_reward
FN:83,96,MonetaryPolicy.calculate_staking_reward
FNDA:0,MonetaryPolicy.calculate_staking_reward
FN:99,124,MonetaryPolicy.get_policy_stats
FNDA:0,MonetaryPolicy.get_policy_stats
FN:138,140,MonetaryPolicyService.__init__
FNDA:0,MonetaryPolicyService.__init__
FN:142,149,MonetaryPolicyService.set_block_height
FNDA:0,MonetaryPolicyService.set_block_height
FN:151,158,MonetaryPolicyService.get_current_supply
FNDA:0,MonetaryPolicyService.get_current_supply
FN:160,167,MonetaryPolicyService.get_block_reward
FNDA:0,MonetaryPolicyService.get_block_reward
FN:169,176,MonetaryPolicyService.get_staking_reward
FNDA:0,MonetaryPolicyService.get_staking_reward
FN:178,185,MonetaryPolicyService.get_policy_stats
FNDA:0,MonetaryPolicyService.get_policy_stats
FN:187,195,MonetaryPolicyService.is_inflation_phase
FNDA:0,MonetaryPolicyService.is_inflation_phase
FN:197,212,MonetaryPolicyService.get_next_halving_block
FNDA:0,MonetaryPolicyService.get_next_halving_block
FNF:12
FNH:0
end_of_record
SF:src\domain\consensus\value_objects\__init__.py
end_of_record
SF:src\domain\consensus\value_objects\consensus_round.py
DA:5,1
DA:6,1
DA:7,1
DA:10,1
DA:11,1
DA:21,1
DA:22,1
DA:24,1
DA:26,0
DA:27,0
DA:29,0
DA:30,0
DA:32,1
DA:33,1
DA:35,0
DA:40,1
DA:42,0
DA:47,1
DA:48,0
LF:19
LH:12
FN:24,30,ConsensusRound.__post_init__
FNDA:0,ConsensusRound.__post_init__
FN:33,38,ConsensusRound.create
FNDA:0,ConsensusRound.create
FN:40,45,ConsensusRound.next_round
FNDA:0,ConsensusRound.next_round
FN:47,48,ConsensusRound.__str__
FNDA:0,ConsensusRound.__str__
FN:50,51,ConsensusRound.__repr__
FNDA:0,ConsensusRound.__repr__
FNF:5
FNH:0
end_of_record
SF:src\domain\consensus\value_objects\stake_amount.py
DA:5,1
DA:6,1
DA:7,1
DA:9,1
DA:12,1
DA:13,1
DA:23,1
DA:25,1
DA:27,1
DA:28,1
DA:31,1
DA:32,1
DA:33,1
DA:35,1
DA:36,1
DA:38,1
DA:40,1
DA:41,1
DA:43,0
DA:45,1
DA:47,1
DA:49,1
DA:51,0
DA:53,1
DA:55,1
DA:57,1
DA:59,1
DA:61,1
DA:63,0
DA:65,1
DA:67,1
DA:69,1
DA:71,0
DA:73,1
DA:75,0
DA:77,1
DA:79,0
DA:81,1
DA:82,0
LF:39
LH:32
FN:25,33,StakeAmount.__post_init__
FNDA:1,StakeAmount.__post_init__
FN:36,38,StakeAmount.from_cnb
FNDA:1,StakeAmount.from_cnb
FN:41,43,StakeAmount.from_satoshi
FNDA:0,StakeAmount.from_satoshi
FN:45,47,StakeAmount.to_cnb
FNDA:1,StakeAmount.to_cnb
FN:49,51,StakeAmount.to_satoshi
FNDA:0,StakeAmount.to_satoshi
FN:53,55,StakeAmount.__add__
FNDA:1,StakeAmount.__add__
FN:57,59,StakeAmount.__sub__
FNDA:1,StakeAmount.__sub__
FN:61,63,StakeAmount.__mul__
FNDA:0,StakeAmount.__mul__
FN:65,67,StakeAmount.__lt__
FNDA:1,StakeAmount.__lt__
FN:69,71,StakeAmount.__le__
FNDA:0,StakeAmount.__le__
FN:73,75,StakeAmount.__gt__
FNDA:0,StakeAmount.__gt__
FN:77,79,StakeAmount.__ge__
FNDA:0,StakeAmount.__ge__
FN:81,82,StakeAmount.__str__
FNDA:0,StakeAmount.__str__
FN:84,85,StakeAmount.__repr__
FNDA:0,StakeAmount.__repr__
FNF:14
FNH:6
end_of_record
SF:src\domain\consensus\value_objects\validator_id.py
DA:5,1
DA:6,1
DA:7,1
DA:10,1
DA:11,1
DA:21,1
DA:23,1
DA:25,1
DA:26,0
DA:29,1
DA:30,1
DA:31,0
DA:32,0
DA:34,1
DA:35,1
DA:37,1
DA:39,1
DA:40,0
LF:18
LH:14
FN:23,32,ValidatorId.__post_init__
FNDA:1,ValidatorId.__post_init__
FN:35,37,ValidatorId.generate
FNDA:1,ValidatorId.generate
FN:39,40,ValidatorId.__str__
FNDA:0,ValidatorId.__str__
FN:42,43,ValidatorId.__repr__
FNDA:0,ValidatorId.__repr__
FNF:4
FNH:2
end_of_record
SF:src\domain\defi\__init__.py
end_of_record
SF:src\domain\shared\__init__.py
end_of_record
SF:src\domain\shared\domain_events\__init__.py
DA:5,1
DA:6,1
DA:8,1
LF:3
LH:3
end_of_record
SF:src\domain\shared\domain_events\base.py
DA:5,1
DA:6,1
DA:7,1
DA:8,1
DA:10,1
DA:13,1
DA:14,1
DA:25,1
DA:26,1
DA:34,1
DA:36,0
DA:49,1
LF:12
LH:11
FN:30,32,DomainEvent.event_name
FNDA:0,DomainEvent.event_name
FN:34,41,DomainEvent.to_dict
FNDA:0,DomainEvent.to_dict
FN:44,46,DomainEvent._event_data
FNDA:0,DomainEvent._event_data
FN:55,57,DomainEventHandler.handle
FNDA:0,DomainEventHandler.handle
FN:61,63,DomainEventHandler.event_type
FNDA:0,DomainEventHandler.event_type
FNF:5
FNH:0
end_of_record
SF:src\domain\shared\domain_events\dispatcher.py
DA:5,1
DA:6,1
DA:8,1
DA:10,1
DA:13,1
DA:21,1
DA:22,1
DA:23,1
DA:25,1
DA:29,0
DA:30,0
DA:32,0
DA:33,0
DA:37,1
DA:41,0
DA:42,0
DA:44,1
DA:46,1
DA:48,1
DA:49,1
DA:50,1
DA:52,0
DA:54,0
DA:55,0
DA:56,0
DA:57,0
DA:60,0
DA:61,0
DA:66,1
DA:68,0
DA:70,1
DA:72,0
DA:73,0
DA:75,0
DA:76,0
DA:78,1
DA:80,0
DA:82,1
DA:84,0
DA:88,1
DA:91,1
DA:93,1
LF:42
LH:22
FN:21,23,EventDispatcher.__init__
FNDA:1,EventDispatcher.__init__
FN:25,35,EventDispatcher.register
FNDA:0,EventDispatcher.register
FN:37,42,EventDispatcher.unregister
FNDA:0,EventDispatcher.unregister
FN:44,64,EventDispatcher.dispatch
FNDA:1,EventDispatcher.dispatch
FN:66,68,EventDispatcher.queue_event
FNDA:0,EventDispatcher.queue_event
FN:70,76,EventDispatcher.dispatch_queued_events
FNDA:0,EventDispatcher.dispatch_queued_events
FN:78,80,EventDispatcher.clear_handlers
FNDA:0,EventDispatcher.clear_handlers
FN:82,84,EventDispatcher.clear_queue
FNDA:0,EventDispatcher.clear_queue
FN:91,93,get_event_dispatcher
FNDA:1,get_event_dispatcher
FNF:9
FNH:3
end_of_record
SF:src\domain\shared\exceptions.py
DA:6,1
DA:9,1
DA:10,1
DA:11,1
DA:12,1
DA:15,1
DA:18,1
DA:21,1
DA:24,1
DA:27,1
DA:30,1
DA:33,1
DA:36,1
DA:39,1
DA:42,1
DA:45,1
DA:48,1
DA:51,1
DA:54,1
LF:19
LH:19
FN:9,12,DomainException.__init__
FNDA:1,DomainException.__init__
FNF:1
FNH:1
end_of_record
SF:src\domain\shared\value_objects\__init__.py
DA:5,1
DA:6,1
DA:7,1
DA:8,1
DA:10,1
LF:5
LH:5
end_of_record
SF:src\domain\shared\value_objects\address.py
DA:5,1
DA:6,1
DA:7,1
DA:10,1
DA:11,1
DA:21,1
DA:24,1
DA:26,1
DA:28,0
DA:29,0
DA:31,0
DA:32,0
DA:34,0
DA:35,0
DA:37,1
DA:38,1
DA:40,0
DA:41,0
DA:42,0
DA:44,1
DA:45,1
DA:47,0
DA:49,1
DA:50,1
DA:52,0
DA:53,0
DA:54,0
DA:55,0
DA:57,1
DA:59,0
DA:65,1
DA:67,0
DA:69,1
DA:71,0
DA:72,0
DA:73,0
LF:36
LH:17
FN:26,35,Address.__post_init__
FNDA:0,Address.__post_init__
FN:38,42,Address.is_valid
FNDA:0,Address.is_valid
FN:45,47,Address.create
FNDA:0,Address.create
FN:50,55,Address.try_create
FNDA:0,Address.try_create
FN:57,59,Address.__str__
FNDA:0,Address.__str__
FN:61,63,Address.__repr__
FNDA:0,Address.__repr__
FN:65,67,Address.__hash__
FNDA:0,Address.__hash__
FN:69,73,Address.short
FNDA:0,Address.short
FNF:8
FNH:0
end_of_record
SF:src\domain\shared\value_objects\hash_value.py
DA:5,1
DA:6,1
DA:7,1
DA:10,1
DA:11,1
DA:21,1
DA:24,1
DA:26,1
DA:28,0
DA:29,0
DA:31,0
DA:32,0
DA:34,0
DA:35,0
DA:37,1
DA:38,1
DA:40,0
DA:41,0
DA:42,0
DA:44,1
DA:45,1
DA:47,0
DA:49,1
DA:50,1
DA:52,0
DA:53,0
DA:54,0
DA:55,0
DA:57,1
DA:59,0
DA:61,1
DA:63,0
DA:64,0
DA:65,0
DA:66,0
DA:68,0
DA:69,0
DA:71,1
DA:73,0
DA:79,1
DA:81,0
DA:83,1
DA:85,0
LF:43
LH:19
FN:26,35,HashValue.__post_init__
FNDA:0,HashValue.__post_init__
FN:38,42,HashValue.is_valid_sha256
FNDA:0,HashValue.is_valid_sha256
FN:45,47,HashValue.create
FNDA:0,HashValue.create
FN:50,55,HashValue.try_create
FNDA:0,HashValue.try_create
FN:57,59,HashValue.starts_with_zeros
FNDA:0,HashValue.starts_with_zeros
FN:61,69,HashValue.difficulty
FNDA:0,HashValue.difficulty
FN:71,73,HashValue.__str__
FNDA:0,HashValue.__str__
FN:75,77,HashValue.__repr__
FNDA:0,HashValue.__repr__
FN:79,81,HashValue.__hash__
FNDA:0,HashValue.__hash__
FN:83,85,HashValue.short
FNDA:0,HashValue.short
FNF:10
FNH:0
end_of_record
SF:src\domain\shared\value_objects\money.py
DA:6,1
DA:7,1
DA:8,1
DA:11,1
DA:12,1
DA:23,1
DA:26,1
DA:27,1
DA:28,1
DA:30,1
DA:32,1
DA:33,0
DA:35,1
DA:36,1
DA:39,1
DA:45,1
DA:46,1
DA:48,1
DA:50,1
DA:51,1
DA:53,1
DA:55,1
DA:56,1
DA:58,0
DA:60,1
DA:61,1
DA:63,1
DA:65,1
DA:67,1
DA:69,1
DA:71,1
DA:73,1
DA:75,0
DA:77,1
DA:79,1
DA:81,1
DA:83,0
DA:85,1
DA:87,0
DA:91,1
DA:93,1
DA:94,0
DA:95,1
DA:97,1
DA:99,1
DA:100,0
DA:101,1
DA:102,1
DA:103,1
DA:104,1
DA:106,1
DA:108,1
DA:110,1
DA:112,1
DA:113,0
DA:114,1
DA:118,1
DA:120,1
DA:121,1
DA:122,1
DA:124,1
DA:126,1
DA:127,0
DA:128,1
DA:130,1
DA:132,1
DA:134,1
DA:136,1
DA:137,0
DA:138,1
DA:140,1
DA:142,1
DA:144,1
DA:146,1
DA:148,1
DA:150,1
DA:152,1
DA:154,1
DA:160,1
DA:162,0
LF:80
LH:69
FN:30,43,Money.__post_init__
FNDA:1,Money.__post_init__
FN:46,48,Money.from_cnb
FNDA:1,Money.from_cnb
FN:51,53,Money.from_satoshi
FNDA:1,Money.from_satoshi
FN:56,58,Money.from_mcnb
FNDA:0,Money.from_mcnb
FN:61,63,Money.zero
FNDA:1,Money.zero
FN:65,67,Money.to_cnb
FNDA:1,Money.to_cnb
FN:69,71,Money.to_satoshi
FNDA:1,Money.to_satoshi
FN:73,75,Money.to_mcnb
FNDA:0,Money.to_mcnb
FN:77,79,Money.format_cnb
FNDA:1,Money.format_cnb
FN:81,83,Money.format_satoshi
FNDA:0,Money.format_satoshi
FN:85,87,Money.format_mcnb
FNDA:0,Money.format_mcnb
FN:91,95,Money.__add__
FNDA:1,Money.__add__
FN:97,104,Money.__sub__
FNDA:1,Money.__sub__
FN:106,108,Money.__mul__
FNDA:1,Money.__mul__
FN:110,114,Money.__truediv__
FNDA:1,Money.__truediv__
FN:118,122,Money.__eq__
FNDA:1,Money.__eq__
FN:124,128,Money.__lt__
FNDA:1,Money.__lt__
FN:130,132,Money.__le__
FNDA:1,Money.__le__
FN:134,138,Money.__gt__
FNDA:1,Money.__gt__
FN:140,142,Money.__ge__
FNDA:1,Money.__ge__
FN:144,146,Money.is_zero
FNDA:1,Money.is_zero
FN:148,150,Money.is_positive
FNDA:1,Money.is_positive
FN:152,154,Money.__str__
FNDA:1,Money.__str__
FN:156,158,Money.__repr__
FNDA:0,Money.__repr__
FN:160,162,Money.__hash__
FNDA:0,Money.__hash__
FNF:25
FNH:19
end_of_record
SF:src\domain\shared\value_objects\timestamp.py
DA:5,1
DA:6,1
DA:7,1
DA:8,1
DA:11,1
DA:12,1
DA:22,1
DA:24,1
DA:26,1
DA:27,0
DA:29,1
DA:30,0
DA:33,1
DA:34,0
DA:36,1
DA:37,1
DA:39,1
DA:41,1
DA:42,1
DA:44,0
DA:46,1
DA:47,1
DA:49,1
DA:51,1
DA:53,0
DA:55,1
DA:57,0
DA:59,1
DA:61,0
DA:67,1
DA:69,0
DA:71,1
DA:73,0
DA:74,0
DA:75,0
DA:77,1
DA:79,0
DA:80,0
DA:81,0
DA:83,1
DA:85,0
DA:87,1
DA:89,0
DA:90,0
DA:91,0
DA:93,1
DA:95,0
DA:97,1
DA:99,0
LF:49
LH:29
FN:24,34,Timestamp.__post_init__
FNDA:1,Timestamp.__post_init__
FN:37,39,Timestamp.now
FNDA:1,Timestamp.now
FN:42,44,Timestamp.from_datetime
FNDA:0,Timestamp.from_datetime
FN:47,49,Timestamp.from_seconds
FNDA:1,Timestamp.from_seconds
FN:51,53,Timestamp.to_datetime
FNDA:0,Timestamp.to_datetime
FN:55,57,Timestamp.to_iso
FNDA:0,Timestamp.to_iso
FN:59,61,Timestamp.__str__
FNDA:0,Timestamp.__str__
FN:63,65,Timestamp.__repr__
FNDA:0,Timestamp.__repr__
FN:67,69,Timestamp.__hash__
FNDA:0,Timestamp.__hash__
FN:71,75,Timestamp.__eq__
FNDA:0,Timestamp.__eq__
FN:77,81,Timestamp.__lt__
FNDA:0,Timestamp.__lt__
FN:83,85,Timestamp.__le__
FNDA:0,Timestamp.__le__
FN:87,91,Timestamp.__gt__
FNDA:0,Timestamp.__gt__
FN:93,95,Timestamp.__ge__
FNDA:0,Timestamp.__ge__
FN:97,99,Timestamp.difference
FNDA:0,Timestamp.difference
FNF:15
FNH:3
end_of_record
SF:src\domain\shared\value_objects\wallet_address.py
DA:5,1
DA:6,1
DA:7,1
DA:10,1
DA:11,1
DA:21,1
DA:23,1
DA:25,1
DA:26,0
DA:29,1
DA:30,0
DA:32,1
DA:33,0
DA:35,1
DA:36,1
DA:38,0
DA:40,1
DA:41,0
LF:18
LH:13
FN:23,33,WalletAddress.__post_init__
FNDA:1,WalletAddress.__post_init__
FN:36,38,WalletAddress.from_string
FNDA:0,WalletAddress.from_string
FN:40,41,WalletAddress.__str__
FNDA:0,WalletAddress.__str__
FN:43,44,WalletAddress.__repr__
FNDA:0,WalletAddress.__repr__
FNF:4
FNH:1
end_of_record
SF:src\domain\transaction\__init__.py
end_of_record
SF:src\domain\transaction\entities\__init__.py
end_of_record
SF:src\domain\transaction\entities\transaction.py
DA:5,0
DA:6,0
DA:7,0
DA:8,0
DA:10,0
DA:11,0
DA:12,0
DA:13,0
DA:14,0
DA:15,0
DA:16,0
DA:17,0
DA:20,0
DA:22,0
DA:23,0
DA:24,0
DA:25,0
DA:28,0
DA:30,0
DA:31,0
DA:32,0
DA:33,0
DA:34,0
DA:37,0
DA:38,0
DA:56,0
DA:59,0
DA:60,0
DA:63,0
DA:64,0
DA:65,0
DA:66,0
DA:69,0
DA:70,0
DA:73,0
DA:74,0
DA:77,0
DA:78,0
DA:81,0
DA:83,0
DA:85,0
DA:87,0
DA:89,0
DA:90,0
DA:92,0
DA:93,0
DA:95,0
DA:96,0
DA:98,0
DA:99,0
DA:101,0
DA:102,0
DA:104,0
DA:105,0
DA:128,0
DA:142,0
DA:143,0
DA:151,0
DA:153,0
DA:154,0
DA:173,0
DA:186,0
DA:187,0
DA:195,0
DA:197,0
DA:198,0
DA:217,0
DA:231,0
DA:233,0
DA:241,0
DA:242,0
DA:244,0
DA:245,0
DA:246,0
DA:247,0
DA:250,0
DA:251,0
DA:257,0
DA:264,0
DA:265,0
DA:267,0
DA:268,0
DA:271,0
DA:272,0
DA:277,0
DA:284,0
DA:285,0
DA:287,0
DA:288,0
DA:291,0
DA:292,0
DA:297,0
DA:299,0
DA:301,0
DA:303,0
DA:305,0
DA:307,0
DA:309,0
DA:311,0
DA:313,0
DA:315,0
LF:101
LH:0
FN:83,85,Transaction.__post_init__
FNDA:0,Transaction.__post_init__
FN:87,102,Transaction._validate
FNDA:0,Transaction._validate
FN:105,151,Transaction.create_transfer
FNDA:0,Transaction.create_transfer
FN:154,195,Transaction.create_stake
FNDA:0,Transaction.create_stake
FN:198,231,Transaction.create_reward
FNDA:0,Transaction.create_reward
FN:233,255,Transaction.confirm
FNDA:0,Transaction.confirm
FN:257,275,Transaction.fail
FNDA:0,Transaction.fail
FN:277,295,Transaction.cancel
FNDA:0,Transaction.cancel
FN:297,299,Transaction.get_total_amount
FNDA:0,Transaction.get_total_amount
FN:301,303,Transaction.is_confirmed
FNDA:0,Transaction.is_confirmed
FN:305,307,Transaction.is_pending
FNDA:0,Transaction.is_pending
FN:309,311,Transaction.get_events
FNDA:0,Transaction.get_events
FN:313,315,Transaction.clear_events
FNDA:0,Transaction.clear_events
FNF:13
FNH:0
end_of_record
SF:src\domain\transaction\events\__init__.py
end_of_record
SF:src\domain\transaction\events\transaction_cancelled.py
DA:5,0
DA:6,0
DA:8,0
DA:9,0
DA:10,0
DA:11,0
DA:12,0
DA:15,0
DA:16,0
DA:21,0
DA:22,0
DA:24,0
DA:25,0
DA:26,0
DA:28,0
DA:29,0
LF:16
LH:0
FN:25,26,TransactionCancelled.event_name
FNDA:0,TransactionCancelled.event_name
FN:28,32,TransactionCancelled._event_data
FNDA:0,TransactionCancelled._event_data
FNF:2
FNH:0
end_of_record
SF:src\domain\transaction\events\transaction_confirmed.py
DA:5,0
DA:6,0
DA:8,0
DA:9,0
DA:10,0
DA:11,0
DA:12,0
DA:15,0
DA:16,0
DA:21,0
DA:22,0
DA:23,0
DA:25,0
DA:26,0
DA:27,0
DA:29,0
DA:30,0
DA:39,0
DA:40,0
DA:45,0
DA:46,0
DA:48,0
DA:49,0
DA:50,0
DA:52,0
DA:53,0
DA:59,0
DA:60,0
DA:65,0
DA:66,0
DA:68,0
DA:69,0
DA:70,0
DA:72,0
DA:73,0
LF:35
LH:0
FN:26,27,TransactionConfirmed.event_name
FNDA:0,TransactionConfirmed.event_name
FN:29,36,TransactionConfirmed._event_data
FNDA:0,TransactionConfirmed._event_data
FN:49,50,TransactionFailed.event_name
FNDA:0,TransactionFailed.event_name
FN:52,56,TransactionFailed._event_data
FNDA:0,TransactionFailed._event_data
FN:69,70,TransactionCancelled.event_name
FNDA:0,TransactionCancelled.event_name
FN:72,76,TransactionCancelled._event_data
FNDA:0,TransactionCancelled._event_data
FNF:6
FNH:0
end_of_record
SF:src\domain\transaction\events\transaction_created.py
DA:5,0
DA:6,0
DA:8,0
DA:9,0
DA:10,0
DA:11,0
DA:12,0
DA:15,0
DA:16,0
DA:21,0
DA:22,0
DA:23,0
DA:24,0
DA:25,0
DA:27,0
DA:28,0
DA:29,0
DA:31,0
DA:32,0
DA:41,0
DA:42,0
DA:47,0
DA:48,0
DA:49,0
DA:51,0
DA:52,0
DA:53,0
DA:55,0
DA:56,0
DA:63,0
DA:64,0
DA:69,0
DA:70,0
DA:72,0
DA:73,0
DA:74,0
DA:76,0
DA:77,0
DA:83,0
DA:84,0
DA:89,0
DA:90,0
DA:92,0
DA:93,0
DA:94,0
DA:96,0
DA:97,0
LF:47
LH:0
FN:28,29,TransactionCreated.event_name
FNDA:0,TransactionCreated.event_name
FN:31,38,TransactionCreated._event_data
FNDA:0,TransactionCreated._event_data
FN:52,53,TransactionConfirmed.event_name
FNDA:0,TransactionConfirmed.event_name
FN:55,60,TransactionConfirmed._event_data
FNDA:0,TransactionConfirmed._event_data
FN:73,74,TransactionFailed.event_name
FNDA:0,TransactionFailed.event_name
FN:76,80,TransactionFailed._event_data
FNDA:0,TransactionFailed._event_data
FN:93,94,TransactionCancelled.event_name
FNDA:0,TransactionCancelled.event_name
FN:96,100,TransactionCancelled._event_data
FNDA:0,TransactionCancelled._event_data
FNF:8
FNH:0
end_of_record
SF:src\domain\transaction\events\transaction_failed.py
DA:5,0
DA:6,0
DA:8,0
DA:9,0
DA:10,0
DA:11,0
DA:12,0
DA:15,0
DA:16,0
DA:21,0
DA:22,0
DA:24,0
DA:25,0
DA:26,0
DA:28,0
DA:29,0
DA:35,0
DA:36,0
DA:41,0
DA:42,0
DA:44,0
DA:45,0
DA:46,0
DA:48,0
DA:49,0
LF:25
LH:0
FN:25,26,TransactionFailed.event_name
FNDA:0,TransactionFailed.event_name
FN:28,32,TransactionFailed._event_data
FNDA:0,TransactionFailed._event_data
FN:45,46,TransactionCancelled.event_name
FNDA:0,TransactionCancelled.event_name
FN:48,52,TransactionCancelled._event_data
FNDA:0,TransactionCancelled._event_data
FNF:4
FNH:0
end_of_record
SF:src\domain\transaction\repositories\__init__.py
end_of_record
SF:src\domain\transaction\repositories\transaction_repository.py
DA:5,0
DA:6,0
DA:7,0
DA:9,0
DA:10,0
DA:11,0
DA:12,0
DA:15,0
LF:8
LH:0
FN:24,31,TransactionRepository.save
FNDA:0,TransactionRepository.save
FN:34,44,TransactionRepository.find_by_id
FNDA:0,TransactionRepository.find_by_id
FN:47,57,TransactionRepository.find_by_hash
FNDA:0,TransactionRepository.find_by_hash
FN:60,77,TransactionRepository.find_by_address
FNDA:0,TransactionRepository.find_by_address
FN:80,87,TransactionRepository.find_pending_transactions
FNDA:0,TransactionRepository.find_pending_transactions
FN:90,100,TransactionRepository.find_by_block_height
FNDA:0,TransactionRepository.find_by_block_height
FN:103,113,TransactionRepository.count_by_address
FNDA:0,TransactionRepository.count_by_address
FN:116,123,TransactionRepository.get_total_volume
FNDA:0,TransactionRepository.get_total_volume
FN:126,133,TransactionRepository.get_transaction_stats
FNDA:0,TransactionRepository.get_transaction_stats
FNF:9
FNH:0
end_of_record
SF:src\domain\transaction\services\transaction_history_service.py
DA:4,1
DA:5,1
DA:6,1
DA:7,1
DA:8,1
DA:10,1
DA:11,1
DA:12,1
DA:14,1
DA:16,1
DA:17,1
DA:18,1
DA:19,1
DA:21,1
DA:23,1
DA:24,1
DA:25,1
DA:26,1
DA:28,1
DA:29,1
DA:32,1
DA:33,1
DA:34,1
DA:37,1
DA:38,1
DA:41,1
DA:42,1
DA:43,1
DA:46,1
DA:47,1
DA:48,1
DA:51,1
DA:52,1
DA:55,1
DA:56,1
DA:57,1
DA:59,1
DA:62,1
DA:63,0
DA:64,0
DA:66,1
DA:68,0
DA:90,0
DA:98,0
DA:99,0
DA:100,0
DA:102,1
DA:115,0
DA:116,0
DA:118,0
DA:132,0
DA:133,0
DA:135,1
DA:147,0
DA:148,0
DA:151,0
DA:152,0
DA:153,0
DA:154,0
DA:155,0
DA:156,0
DA:157,0
DA:158,0
DA:160,0
DA:161,0
DA:162,0
DA:164,0
DA:178,0
DA:179,0
DA:181,1
DA:183,0
DA:185,0
DA:193,0
DA:212,0
DA:214,1
DA:225,0
DA:226,0
DA:229,0
DA:230,0
DA:231,0
DA:233,0
DA:234,0
DA:235,0
DA:238,0
DA:239,0
DA:246,0
DA:247,0
DA:249,0
DA:251,1
DA:253,0
DA:254,0
DA:256,0
DA:257,0
DA:258,0
DA:260,1
DA:267,0
DA:268,0
DA:270,0
DA:271,0
DA:272,0
DA:274,0
DA:281,0
DA:282,0
DA:284,0
DA:286,1
DA:294,0
DA:295,0
DA:298,0
DA:299,0
DA:301,0
DA:302,0
DA:303,0
DA:305,0
DA:308,0
DA:321,0
DA:322,0
DA:323,0
DA:324,0
DA:335,0
DA:346,1
DA:348,0
DA:350,0
DA:351,0
DA:352,0
DA:353,0
DA:354,0
DA:355,0
DA:357,0
DA:376,1
DA:384,0
DA:385,0
DA:387,0
DA:388,0
DA:389,0
DA:390,0
DA:392,0
DA:398,0
DA:399,0
DA:401,0
LF:139
LH:48
FN:62,64,TransactionHistoryService.__init__
FNDA:0,TransactionHistoryService.__init__
FN:66,100,TransactionHistoryService._setup_database
FNDA:0,TransactionHistoryService._setup_database
FN:102,133,TransactionHistoryService.record_transfer
FNDA:0,TransactionHistoryService.record_transfer
FN:135,179,TransactionHistoryService.record_wallet_operation
FNDA:0,TransactionHistoryService.record_wallet_operation
FN:181,212,TransactionHistoryService._save_record
FNDA:0,TransactionHistoryService._save_record
FN:214,249,TransactionHistoryService.get_wallet_history
FNDA:0,TransactionHistoryService.get_wallet_history
FN:251,258,TransactionHistoryService.get_transaction_by_id
FNDA:0,TransactionHistoryService.get_transaction_by_id
FN:260,284,TransactionHistoryService.get_recent_transactions
FNDA:0,TransactionHistoryService.get_recent_transactions
FN:286,344,TransactionHistoryService.get_transaction_stats
FNDA:0,TransactionHistoryService.get_transaction_stats
FN:346,374,TransactionHistoryService._row_to_record
FNDA:0,TransactionHistoryService._row_to_record
FN:376,401,TransactionHistoryService.update_transaction_status
FNDA:0,TransactionHistoryService.update_transaction_status
FNF:11
FNH:0
end_of_record
SF:src\domain\transaction\value_objects\__init__.py
end_of_record
SF:src\domain\transaction\value_objects\transaction_amount.py
DA:5,0
DA:6,0
DA:7,0
DA:8,0
DA:10,0
DA:13,0
DA:14,0
DA:21,0
DA:23,0
DA:25,0
DA:26,0
DA:28,0
DA:29,0
DA:31,0
DA:33,0
DA:35,0
DA:37,0
DA:39,0
DA:40,0
DA:43,0
DA:44,0
DA:51,0
DA:53,0
DA:55,0
DA:56,0
DA:58,0
DA:59,0
DA:61,0
DA:63,0
DA:65,0
DA:67,0
DA:69,0
DA:71,0
DA:73,0
DA:74,0
LF:35
LH:0
FN:23,29,TransactionAmount.__post_init__
FNDA:0,TransactionAmount.__post_init__
FN:31,33,TransactionAmount.to_cnb
FNDA:0,TransactionAmount.to_cnb
FN:35,37,TransactionAmount.to_satoshi
FNDA:0,TransactionAmount.to_satoshi
FN:39,40,TransactionAmount.__str__
FNDA:0,TransactionAmount.__str__
FN:53,59,TransactionFee.__post_init__
FNDA:0,TransactionFee.__post_init__
FN:61,63,TransactionFee.to_cnb
FNDA:0,TransactionFee.to_cnb
FN:65,67,TransactionFee.to_satoshi
FNDA:0,TransactionFee.to_satoshi
FN:69,71,TransactionFee.is_zero
FNDA:0,TransactionFee.is_zero
FN:73,74,TransactionFee.__str__
FNDA:0,TransactionFee.__str__
FNF:9
FNH:0
end_of_record
SF:src\domain\transaction\value_objects\transaction_fee.py
DA:5,0
DA:6,0
DA:7,0
DA:8,0
DA:10,0
DA:13,0
DA:14,0
DA:21,0
DA:23,0
DA:25,0
DA:26,0
DA:28,0
DA:29,0
DA:31,0
DA:33,0
DA:35,0
DA:37,0
DA:39,0
DA:41,0
DA:43,0
DA:44,0
LF:21
LH:0
FN:23,29,TransactionFee.__post_init__
FNDA:0,TransactionFee.__post_init__
FN:31,33,TransactionFee.to_cnb
FNDA:0,TransactionFee.to_cnb
FN:35,37,TransactionFee.to_satoshi
FNDA:0,TransactionFee.to_satoshi
FN:39,41,TransactionFee.is_zero
FNDA:0,TransactionFee.is_zero
FN:43,44,TransactionFee.__str__
FNDA:0,TransactionFee.__str__
FNF:5
FNH:0
end_of_record
SF:src\domain\transaction\value_objects\transaction_id.py
DA:5,0
DA:6,0
DA:7,0
DA:8,0
DA:10,0
DA:13,0
DA:14,0
DA:21,0
DA:23,0
DA:25,0
DA:26,0
DA:28,0
DA:29,0
DA:31,0
DA:32,0
DA:34,0
DA:36,0
DA:37,0
DA:40,0
DA:41,0
DA:48,0
DA:50,0
DA:52,0
DA:53,0
DA:55,0
DA:56,0
DA:58,0
DA:60,0
DA:62,0
DA:64,0
DA:66,0
DA:67,0
DA:70,0
DA:71,0
DA:78,0
DA:80,0
DA:82,0
DA:83,0
DA:85,0
DA:86,0
DA:88,0
DA:90,0
DA:92,0
DA:94,0
DA:96,0
DA:98,0
DA:100,0
DA:101,0
LF:48
LH:0
FN:23,29,TransactionId.__post_init__
FNDA:0,TransactionId.__post_init__
FN:32,34,TransactionId.generate
FNDA:0,TransactionId.generate
FN:36,37,TransactionId.__str__
FNDA:0,TransactionId.__str__
FN:50,56,TransactionAmount.__post_init__
FNDA:0,TransactionAmount.__post_init__
FN:58,60,TransactionAmount.to_cnb
FNDA:0,TransactionAmount.to_cnb
FN:62,64,TransactionAmount.to_satoshi
FNDA:0,TransactionAmount.to_satoshi
FN:66,67,TransactionAmount.__str__
FNDA:0,TransactionAmount.__str__
FN:80,86,TransactionFee.__post_init__
FNDA:0,TransactionFee.__post_init__
FN:88,90,TransactionFee.to_cnb
FNDA:0,TransactionFee.to_cnb
FN:92,94,TransactionFee.to_satoshi
FNDA:0,TransactionFee.to_satoshi
FN:96,98,TransactionFee.is_zero
FNDA:0,TransactionFee.is_zero
FN:100,101,TransactionFee.__str__
FNDA:0,TransactionFee.__str__
FNF:12
FNH:0
end_of_record
SF:src\domain\wallet\__init__.py
end_of_record
SF:src\domain\wallet\entities\__init__.py
DA:5,1
DA:7,1
LF:2
LH:2
end_of_record
SF:src\domain\wallet\entities\wallet.py
DA:5,1
DA:6,1
DA:8,1
DA:9,1
DA:10,1
DA:11,1
DA:12,1
DA:13,1
DA:14,1
DA:15,1
DA:18,1
DA:19,1
DA:35,1
DA:38,1
DA:39,1
DA:40,1
DA:41,1
DA:42,1
DA:43,1
DA:46,1
DA:47,1
DA:50,1
DA:52,1
DA:54,1
DA:56,1
DA:58,1
DA:59,1
DA:61,1
DA:62,1
DA:64,1
DA:65,0
DA:67,1
DA:68,1
DA:83,1
DA:84,1
DA:85,1
DA:88,1
DA:89,1
DA:101,1
DA:103,1
DA:111,1
DA:115,1
DA:123,1
DA:124,1
DA:126,1
DA:127,1
DA:128,1
DA:131,1
DA:133,1
DA:144,1
DA:155,1
DA:156,1
DA:158,1
DA:159,1
DA:163,1
DA:164,1
DA:165,1
DA:168,1
DA:170,1
DA:181,1
DA:183,1
DA:187,1
DA:189,1
DA:190,0
DA:192,1
DA:193,1
DA:195,1
DA:202,1
DA:203,1
DA:205,1
DA:206,1
DA:208,1
DA:210,1
DA:211,1
DA:215,1
DA:217,1
DA:219,1
DA:221,1
DA:223,1
DA:225,1
DA:229,1
DA:231,1
DA:232,1
DA:233,1
DA:235,1
DA:237,1
DA:239,1
DA:240,1
DA:251,1
DA:258,1
DA:272,1
DA:274,1
DA:276,1
LF:93
LH:91
FN:52,54,Wallet.__post_init__
FNDA:1,Wallet.__post_init__
FN:56,65,Wallet._validate
FNDA:1,Wallet._validate
FN:68,111,Wallet.create
FNDA:1,Wallet.create
FN:115,142,Wallet.credit
FNDA:1,Wallet.credit
FN:144,179,Wallet.debit
FNDA:1,Wallet.debit
FN:181,183,Wallet.has_sufficient_balance
FNDA:1,Wallet.has_sufficient_balance
FN:187,193,Wallet.activate
FNDA:1,Wallet.activate
FN:195,206,Wallet.deactivate
FNDA:1,Wallet.deactivate
FN:208,211,Wallet.update_metadata
FNDA:1,Wallet.update_metadata
FN:215,217,Wallet._add_event
FNDA:1,Wallet._add_event
FN:219,221,Wallet.get_events
FNDA:1,Wallet.get_events
FN:223,225,Wallet.clear_events
FNDA:1,Wallet.clear_events
FN:229,233,Wallet.__eq__
FNDA:1,Wallet.__eq__
FN:235,237,Wallet.__hash__
FNDA:1,Wallet.__hash__
FN:239,240,Wallet.__str__
FNDA:1,Wallet.__str__
FN:242,247,Wallet.__repr__
FNDA:0,Wallet.__repr__
FN:251,276,Wallet.to_dict
FNDA:1,Wallet.to_dict
FNF:17
FNH:16
end_of_record
SF:src\domain\wallet\events\__init__.py
DA:5,1
DA:6,1
DA:8,1
LF:3
LH:3
end_of_record
SF:src\domain\wallet\events\balance_updated.py
DA:5,1
DA:6,1
DA:7,1
DA:8,1
DA:10,1
DA:13,1
DA:14,1
DA:19,1
DA:20,1
DA:21,1
DA:22,1
DA:23,1
DA:24,1
DA:25,1
DA:26,1
DA:28,1
DA:29,1
DA:30,0
DA:32,1
DA:34,0
LF:20
LH:18
FN:29,30,BalanceUpdated.event_name
FNDA:0,BalanceUpdated.event_name
FN:32,44,BalanceUpdated.to_dict
FNDA:0,BalanceUpdated.to_dict
FNF:2
FNH:0
end_of_record
SF:src\domain\wallet\events\wallet_created.py
DA:5,1
DA:6,1
DA:7,1
DA:9,1
DA:12,1
DA:13,1
DA:18,1
DA:19,1
DA:20,1
DA:21,1
DA:22,1
DA:24,1
DA:25,1
DA:26,0
DA:28,1
DA:30,0
LF:16
LH:14
FN:25,26,WalletCreated.event_name
FNDA:0,WalletCreated.event_name
FN:28,37,WalletCreated.to_dict
FNDA:0,WalletCreated.to_dict
FNF:2
FNH:0
end_of_record
SF:src\domain\wallet\repositories\__init__.py
DA:5,1
DA:7,1
LF:2
LH:2
end_of_record
SF:src\domain\wallet\repositories\wallet_repository.py
DA:8,1
DA:9,1
DA:11,1
DA:12,1
DA:15,1
LF:5
LH:5
FN:26,33,WalletRepository.save
FNDA:0,WalletRepository.save
FN:36,46,WalletRepository.find_by_address
FNDA:0,WalletRepository.find_by_address
FN:49,59,WalletRepository.find_by_name
FNDA:0,WalletRepository.find_by_name
FN:62,73,WalletRepository.find_all
FNDA:0,WalletRepository.find_all
FN:76,87,WalletRepository.find_active
FNDA:0,WalletRepository.find_active
FN:90,100,WalletRepository.exists
FNDA:0,WalletRepository.exists
FN:103,110,WalletRepository.delete
FNDA:0,WalletRepository.delete
FN:113,120,WalletRepository.count
FNDA:0,WalletRepository.count
FNF:8
FNH:0
end_of_record
SF:src\domain\wallet\value_objects\__init__.py
DA:5,1
DA:6,1
DA:7,1
DA:8,1
DA:10,1
LF:5
LH:5
end_of_record
SF:src\domain\wallet\value_objects\balance.py
DA:5,1
DA:6,1
DA:7,1
DA:9,1
DA:12,1
DA:13,1
DA:20,1
DA:22,1
DA:24,1
DA:26,0
DA:28,1
DA:29,1
DA:31,1
DA:33,1
DA:34,1
DA:36,1
DA:38,1
DA:39,1
DA:41,1
DA:43,1
DA:45,1
DA:47,1
DA:49,1
DA:51,1
DA:53,1
DA:55,1
DA:57,1
DA:59,1
DA:61,1
DA:63,1
DA:65,1
DA:67,1
DA:69,1
DA:71,1
DA:72,1
DA:77,1
DA:78,1
DA:79,1
DA:80,1
DA:82,1
DA:83,0
DA:84,0
DA:85,0
DA:87,1
DA:88,0
DA:90,1
DA:91,0
DA:92,0
DA:93,0
DA:95,1
DA:96,0
LF:51
LH:42
FN:22,26,Balance.__post_init__
FNDA:1,Balance.__post_init__
FN:29,31,Balance.zero
FNDA:1,Balance.zero
FN:34,36,Balance.from_cnb
FNDA:1,Balance.from_cnb
FN:39,41,Balance.from_satoshi
FNDA:1,Balance.from_satoshi
FN:43,45,Balance.add
FNDA:1,Balance.add
FN:47,49,Balance.subtract
FNDA:1,Balance.subtract
FN:51,53,Balance.is_sufficient_for
FNDA:1,Balance.is_sufficient_for
FN:55,57,Balance.is_zero
FNDA:1,Balance.is_zero
FN:59,61,Balance.is_positive
FNDA:1,Balance.is_positive
FN:63,65,Balance.to_cnb
FNDA:1,Balance.to_cnb
FN:67,69,Balance.to_satoshi
FNDA:1,Balance.to_satoshi
FN:71,72,Balance.__str__
FNDA:1,Balance.__str__
FN:74,75,Balance.__repr__
FNDA:0,Balance.__repr__
FN:77,80,Balance.__eq__
FNDA:1,Balance.__eq__
FN:82,85,Balance.__lt__
FNDA:0,Balance.__lt__
FN:87,88,Balance.__le__
FNDA:0,Balance.__le__
FN:90,93,Balance.__gt__
FNDA:0,Balance.__gt__
FN:95,96,Balance.__ge__
FNDA:0,Balance.__ge__
FNF:18
FNH:13
end_of_record
SF:src\domain\wallet\value_objects\private_key.py
DA:5,1
DA:6,1
DA:9,1
DA:10,1
DA:18,1
DA:20,1
DA:22,1
DA:23,0
DA:25,1
DA:26,0
DA:28,1
DA:29,0
DA:31,1
DA:32,1
DA:35,1
DA:36,1
DA:37,1
DA:39,1
DA:40,1
DA:42,1
DA:44,1
DA:46,0
DA:52,1
DA:54,0
DA:56,1
DA:62,1
LF:26
LH:21
FN:20,29,PrivateKey.__post_init__
FNDA:1,PrivateKey.__post_init__
FN:32,37,PrivateKey.generate
FNDA:1,PrivateKey.generate
FN:40,42,PrivateKey.from_string
FNDA:1,PrivateKey.from_string
FN:44,46,PrivateKey.__str__
FNDA:0,PrivateKey.__str__
FN:48,50,PrivateKey.__repr__
FNDA:0,PrivateKey.__repr__
FN:52,54,PrivateKey.__hash__
FNDA:0,PrivateKey.__hash__
FN:56,62,PrivateKey.reveal
FNDA:1,PrivateKey.reveal
FNF:7
FNH:4
end_of_record
SF:src\domain\wallet\value_objects\public_key.py
DA:5,1
DA:6,1
DA:9,1
DA:10,1
DA:17,1
DA:19,1
DA:21,1
DA:22,0
DA:24,1
DA:25,0
DA:27,1
DA:28,0
DA:30,1
DA:31,1
DA:40,1
DA:41,1
DA:42,1
DA:44,1
DA:45,1
DA:47,1
DA:49,1
DA:50,1
DA:55,1
DA:57,0
LF:24
LH:20
FN:19,28,PublicKey.__post_init__
FNDA:1,PublicKey.__post_init__
FN:31,42,PublicKey.from_private_key
FNDA:1,PublicKey.from_private_key
FN:45,47,PublicKey.create
FNDA:1,PublicKey.create
FN:49,50,PublicKey.__str__
FNDA:1,PublicKey.__str__
FN:52,53,PublicKey.__repr__
FNDA:0,PublicKey.__repr__
FN:55,57,PublicKey.short
FNDA:0,PublicKey.short
FNF:6
FNH:4
end_of_record
SF:src\domain\wallet\value_objects\wallet_address.py
DA:5,1
DA:6,1
DA:9,1
DA:10,1
DA:17,1
DA:19,1
DA:21,1
DA:22,0
DA:24,1
DA:25,0
DA:27,1
DA:28,0
DA:30,1
DA:31,1
DA:34,1
DA:35,1
DA:36,1
DA:38,1
DA:39,1
DA:41,1
DA:43,1
DA:44,1
DA:49,1
DA:51,1
DA:52,0
DA:53,1
LF:26
LH:22
FN:19,28,WalletAddress.__post_init__
FNDA:1,WalletAddress.__post_init__
FN:31,36,WalletAddress.from_public_key
FNDA:1,WalletAddress.from_public_key
FN:39,41,WalletAddress.create
FNDA:1,WalletAddress.create
FN:43,44,WalletAddress.__str__
FNDA:1,WalletAddress.__str__
FN:46,47,WalletAddress.__repr__
FNDA:0,WalletAddress.__repr__
FN:49,53,WalletAddress.short
FNDA:1,WalletAddress.short
FNF:6
FNH:5
end_of_record
SF:src\infrastructure\__init__.py
end_of_record
SF:src\infrastructure\config\__init__.py
DA:5,1
DA:7,1
LF:2
LH:2
end_of_record
SF:src\infrastructure\config\settings.py
DA:5,1
DA:6,1
DA:7,1
DA:10,1
DA:20,1
DA:25,1
DA:26,1
DA:27,1
DA:30,1
DA:31,1
DA:34,1
DA:35,1
DA:36,1
DA:37,1
DA:38,1
DA:41,1
DA:42,1
DA:43,1
DA:44,1
DA:47,1
DA:48,1
DA:49,1
DA:50,1
DA:53,1
DA:54,1
DA:55,1
DA:56,1
DA:59,1
DA:60,1
DA:61,1
DA:62,1
DA:63,1
DA:64,1
DA:67,1
DA:68,1
DA:69,1
DA:70,1
DA:73,1
DA:74,1
DA:75,1
DA:78,1
DA:79,1
DA:80,1
DA:81,1
DA:82,1
DA:85,1
DA:86,1
DA:89,1
DA:90,1
DA:91,1
DA:92,1
DA:93,1
DA:94,1
DA:95,1
DA:98,1
DA:99,1
DA:100,1
DA:103,1
DA:104,1
DA:105,1
DA:106,1
DA:107,1
DA:110,1
DA:111,1
DA:114,1
DA:115,1
DA:116,1
DA:119,1
DA:120,1
DA:121,1
DA:122,1
DA:123,1
DA:127,1
DA:128,1
DA:129,1
DA:130,1
DA:131,1
DA:132,1
DA:135,1
DA:136,1
DA:139,1
DA:140,1
DA:143,1
DA:144,1
DA:145,1
DA:146,1
DA:149,1
DA:150,1
DA:152,1
DA:154,1
DA:155,1
DA:157,1
DA:159,1
DA:160,1
DA:162,1
DA:165,1
DA:166,1
DA:168,0
DA:170,1
DA:171,1
DA:173,1
DA:175,1
DA:176,1
DA:178,0
DA:180,1
DA:181,1
DA:183,1
DA:186,1
DA:189,1
DA:190,1
DA:193,1
DA:194,0
DA:195,0
DA:197,0
DA:198,0
DA:200,0
DA:201,0
DA:204,1
DA:206,0
DA:207,0
DA:208,0
DA:210,1
DA:212,0
DA:215,0
DA:223,0
DA:224,0
DA:225,0
DA:227,0
DA:231,1
DA:235,1
DA:237,0
DA:238,0
DA:246,0
DA:247,0
DA:255,0
LF:135
LH:113
FN:150,152,Settings.base_dir
FNDA:1,Settings.base_dir
FN:155,157,Settings.logs_dir
FNDA:1,Settings.logs_dir
FN:160,162,Settings.data_dir
FNDA:1,Settings.data_dir
FN:166,168,Settings.is_development
FNDA:0,Settings.is_development
FN:171,173,Settings.is_production
FNDA:1,Settings.is_production
FN:176,178,Settings.is_staging
FNDA:0,Settings.is_staging
FN:181,183,Settings.docs_enabled
FNDA:1,Settings.docs_enabled
FN:186,201,Settings.model_post_init
FNDA:1,Settings.model_post_init
FN:204,208,Settings.get_database_url
FNDA:0,Settings.get_database_url
FN:210,227,Settings.to_dict
FNDA:0,Settings.to_dict
FN:235,261,get_settings_for_environment
FNDA:0,get_settings_for_environment
FNF:11
FNH:6
end_of_record
SF:src\infrastructure\di\__init__.py
DA:5,1
DA:7,1
LF:2
LH:2
end_of_record
SF:src\infrastructure\di\container.py
DA:7,1
DA:8,1
DA:10,1
DA:13,1
DA:23,1
DA:24,1
DA:25,1
DA:26,1
DA:28,1
DA:30,1
DA:32,1
DA:34,1
DA:36,1
DA:39,1
DA:40,0
DA:43,1
DA:44,1
DA:45,1
DA:47,0
DA:49,1
DA:51,1
DA:52,1
DA:54,1
DA:55,1
DA:56,1
DA:57,1
DA:58,1
DA:60,1
DA:62,1
DA:63,1
DA:65,0
DA:69,1
DA:73,1
DA:78,1
DA:80,1
DA:81,1
DA:85,1
DA:89,1
DA:90,1
DA:92,1
DA:96,1
DA:97,1
DA:99,1
DA:100,1
DA:102,1
DA:103,1
DA:105,1
DA:106,1
DA:108,1
DA:112,1
DA:115,1
DA:118,1
DA:119,1
DA:120,1
LF:54
LH:51
FN:23,26,Container.__init__
FNDA:1,Container.__init__
FN:28,30,Container.register_singleton
FNDA:1,Container.register_singleton
FN:32,34,Container.register_factory
FNDA:1,Container.register_factory
FN:36,47,Container.get
FNDA:1,Container.get
FN:49,60,Container._resolve_factory
FNDA:1,Container._resolve_factory
FN:63,65,Container.config
FNDA:0,Container.config
FN:69,108,configure_container
FNDA:1,configure_container
FN:89,90,configure_container.wallet_repository_factory
FNDA:1,configure_container.wallet_repository_factory
FN:99,100,configure_container.create_wallet_handler_factory
FNDA:1,configure_container.create_wallet_handler_factory
FN:102,103,configure_container.get_wallet_handler_factory
FNDA:1,configure_container.get_wallet_handler_factory
FN:115,120,get_container
FNDA:1,get_container
FNF:11
FNH:10
end_of_record
SF:src\infrastructure\monitoring\__init__.py
end_of_record
SF:src\infrastructure\persistence\__init__.py
end_of_record
SF:src\infrastructure\persistence\database_manager.py
DA:7,1
DA:8,1
DA:9,1
DA:12,1
DA:22,1
DA:23,1
DA:24,1
DA:25,1
DA:27,1
DA:29,1
DA:30,1
DA:47,1
DA:67,1
DA:82,1
DA:84,1
DA:86,1
DA:87,1
DA:90,1
DA:91,1
DA:93,1
DA:95,1
DA:96,1
DA:97,1
DA:99,1
DA:101,1
DA:102,1
DA:103,1
DA:104,1
DA:106,1
DA:108,1
DA:109,1
DA:110,1
DA:111,1
DA:113,1
DA:115,0
DA:117,1
DA:119,0
DA:121,1
DA:123,0
DA:125,1
DA:127,0
DA:128,0
DA:129,0
LF:43
LH:37
FN:22,25,DatabaseManager.__init__
FNDA:1,DatabaseManager.__init__
FN:27,82,DatabaseManager._init_database
FNDA:1,DatabaseManager._init_database
FN:84,91,DatabaseManager.get_connection
FNDA:1,DatabaseManager.get_connection
FN:93,97,DatabaseManager.execute_query
FNDA:1,DatabaseManager.execute_query
FN:99,104,DatabaseManager.execute_update
FNDA:1,DatabaseManager.execute_update
FN:106,111,DatabaseManager.execute_insert
FNDA:1,DatabaseManager.execute_insert
FN:113,115,DatabaseManager.begin_transaction
FNDA:0,DatabaseManager.begin_transaction
FN:117,119,DatabaseManager.commit_transaction
FNDA:0,DatabaseManager.commit_transaction
FN:121,123,DatabaseManager.rollback_transaction
FNDA:0,DatabaseManager.rollback_transaction
FN:125,129,DatabaseManager.close
FNDA:0,DatabaseManager.close
FNF:10
FNH:6
end_of_record
SF:src\infrastructure\persistence\repositories\__init__.py
DA:5,1
DA:7,1
LF:2
LH:2
end_of_record
SF:src\infrastructure\persistence\repositories\transaction\__init__.py
end_of_record
SF:src\infrastructure\persistence\repositories\transaction\transaction_repository_impl.py
DA:5,0
DA:6,0
DA:7,0
DA:8,0
DA:10,0
DA:11,0
DA:12,0
DA:13,0
DA:14,0
DA:15,0
DA:16,0
DA:17,0
DA:20,0
DA:27,0
DA:28,0
DA:30,0
DA:32,0
DA:33,0
DA:35,0
DA:54,0
DA:56,0
DA:58,0
DA:59,0
DA:61,0
DA:67,0
DA:68,0
DA:69,0
DA:71,0
DA:73,0
DA:75,0
DA:77,0
DA:84,0
DA:85,0
DA:87,0
DA:96,0
DA:97,0
DA:99,0
DA:101,0
DA:102,0
DA:104,0
DA:112,0
DA:113,0
DA:115,0
DA:117,0
DA:119,0
DA:121,0
DA:122,0
DA:124,0
DA:129,0
DA:131,0
DA:133,0
DA:134,0
DA:136,0
DA:141,0
DA:142,0
DA:144,0
DA:146,0
DA:147,0
DA:150,0
DA:151,0
DA:154,0
DA:158,0
DA:161,0
DA:165,0
DA:168,0
DA:169,0
DA:172,0
DA:173,0
DA:176,0
DA:177,0
DA:179,0
DA:188,0
DA:190,0
DA:196,0
DA:197,0
DA:198,0
DA:199,0
DA:200,0
DA:201,0
DA:202,0
DA:203,0
DA:204,0
DA:207,0
LF:83
LH:0
FN:27,28,SQLiteTransactionRepository.__init__
FNDA:0,SQLiteTransactionRepository.__init__
FN:30,54,SQLiteTransactionRepository.save
FNDA:0,SQLiteTransactionRepository.save
FN:56,71,SQLiteTransactionRepository.find_by_id
FNDA:0,SQLiteTransactionRepository.find_by_id
FN:73,75,SQLiteTransactionRepository.find_by_hash
FNDA:0,SQLiteTransactionRepository.find_by_hash
FN:77,97,SQLiteTransactionRepository.find_by_address
FNDA:0,SQLiteTransactionRepository.find_by_address
FN:99,113,SQLiteTransactionRepository.find_pending_transactions
FNDA:0,SQLiteTransactionRepository.find_pending_transactions
FN:115,117,SQLiteTransactionRepository.find_by_block_height
FNDA:0,SQLiteTransactionRepository.find_by_block_height
FN:119,129,SQLiteTransactionRepository.count_by_address
FNDA:0,SQLiteTransactionRepository.count_by_address
FN:131,142,SQLiteTransactionRepository.get_total_volume
FNDA:0,SQLiteTransactionRepository.get_total_volume
FN:144,186,SQLiteTransactionRepository.get_transaction_stats
FNDA:0,SQLiteTransactionRepository.get_transaction_stats
FN:188,221,SQLiteTransactionRepository._row_to_transaction
FNDA:0,SQLiteTransactionRepository._row_to_transaction
FNF:11
FNH:0
end_of_record
SF:src\infrastructure\persistence\repositories\wallet\__init__.py
end_of_record
SF:src\infrastructure\persistence\repositories\wallet\wallet_repository_impl.py
DA:5,0
DA:6,0
DA:7,0
DA:8,0
DA:10,0
DA:11,0
DA:12,0
DA:13,0
DA:14,0
DA:15,0
DA:16,0
DA:17,0
DA:20,0
DA:25,0
DA:26,0
DA:27,0
DA:29,0
DA:31,0
DA:32,0
DA:35,0
DA:50,0
DA:52,0
DA:54,0
DA:55,0
DA:57,0
DA:75,0
DA:77,0
DA:79,0
DA:80,0
DA:82,0
DA:88,0
DA:89,0
DA:90,0
DA:92,0
DA:94,0
DA:96,0
DA:97,0
DA:99,0
DA:105,0
DA:106,0
DA:107,0
DA:109,0
DA:111,0
DA:113,0
DA:114,0
DA:116,0
DA:122,0
DA:123,0
DA:125,0
DA:127,0
DA:128,0
DA:130,0
DA:131,0
DA:133,0
DA:135,0
DA:141,0
DA:142,0
DA:143,0
DA:144,0
DA:145,0
DA:146,0
DA:147,0
DA:149,0
DA:161,0
DA:163,0
DA:164,0
DA:166,0
DA:167,0
DA:169,0
DA:171,0
DA:172,0
DA:174,0
DA:175,0
DA:177,0
DA:179,0
DA:180,0
DA:182,0
DA:188,0
DA:189,0
LF:79
LH:0
FN:25,27,SQLiteWalletRepository.__init__
FNDA:0,SQLiteWalletRepository.__init__
FN:29,50,SQLiteWalletRepository._init_database
FNDA:0,SQLiteWalletRepository._init_database
FN:52,75,SQLiteWalletRepository.save
FNDA:0,SQLiteWalletRepository.save
FN:77,92,SQLiteWalletRepository.find_by_address
FNDA:0,SQLiteWalletRepository.find_by_address
FN:94,109,SQLiteWalletRepository.find_by_name
FNDA:0,SQLiteWalletRepository.find_by_name
FN:111,123,SQLiteWalletRepository.find_all
FNDA:0,SQLiteWalletRepository.find_all
FN:125,131,SQLiteWalletRepository.count
FNDA:0,SQLiteWalletRepository.count
FN:133,159,SQLiteWalletRepository._row_to_wallet
FNDA:0,SQLiteWalletRepository._row_to_wallet
FN:161,167,SQLiteWalletRepository.delete
FNDA:0,SQLiteWalletRepository.delete
FN:169,175,SQLiteWalletRepository.exists
FNDA:0,SQLiteWalletRepository.exists
FN:177,189,SQLiteWalletRepository.find_active
FNDA:0,SQLiteWalletRepository.find_active
FNF:11
FNH:0
end_of_record
SF:src\infrastructure\persistence\repositories\wallet_repository_impl.py
DA:8,1
DA:9,1
DA:11,1
DA:12,1
DA:13,1
DA:14,1
DA:15,1
DA:16,1
DA:17,1
DA:18,1
DA:19,1
DA:22,1
DA:32,1
DA:37,1
DA:38,1
DA:40,1
DA:43,1
DA:46,1
DA:52,1
DA:65,1
DA:68,1
DA:70,1
DA:73,1
DA:74,1
DA:77,1
DA:78,1
DA:80,1
DA:81,1
DA:84,1
DA:87,1
DA:88,1
DA:90,1
DA:93,1
DA:94,1
DA:96,1
DA:97,1
DA:100,1
DA:103,1
DA:104,1
DA:106,1
DA:108,1
DA:109,1
DA:111,1
DA:112,1
DA:113,1
DA:114,1
DA:116,1
DA:118,1
DA:120,1
DA:122,0
DA:123,0
DA:125,0
DA:126,0
DA:127,0
DA:128,0
DA:130,0
DA:132,0
DA:134,1
DA:136,0
DA:137,0
DA:139,0
DA:140,0
DA:141,0
DA:143,1
DA:145,0
DA:146,0
DA:148,0
DA:149,0
DA:151,1
DA:153,0
DA:154,0
DA:155,0
DA:159,1
DA:161,1
DA:174,1
DA:176,1
LF:76
LH:56
FN:32,38,WalletRepositoryImpl.__init__
FNDA:1,WalletRepositoryImpl.__init__
FN:40,68,WalletRepositoryImpl.save
FNDA:1,WalletRepositoryImpl.save
FN:70,88,WalletRepositoryImpl.find_by_address
FNDA:1,WalletRepositoryImpl.find_by_address
FN:90,104,WalletRepositoryImpl.find_by_name
FNDA:1,WalletRepositoryImpl.find_by_name
FN:106,118,WalletRepositoryImpl.find_all
FNDA:1,WalletRepositoryImpl.find_all
FN:120,132,WalletRepositoryImpl.find_active
FNDA:0,WalletRepositoryImpl.find_active
FN:134,141,WalletRepositoryImpl.exists
FNDA:0,WalletRepositoryImpl.exists
FN:143,149,WalletRepositoryImpl.delete
FNDA:0,WalletRepositoryImpl.delete
FN:151,155,WalletRepositoryImpl.count
FNDA:0,WalletRepositoryImpl.count
FN:159,172,WalletRepositoryImpl._to_persistence
FNDA:1,WalletRepositoryImpl._to_persistence
FN:174,194,WalletRepositoryImpl._from_persistence
FNDA:1,WalletRepositoryImpl._from_persistence
FNF:11
FNH:7
end_of_record
SF:src\infrastructure\security\__init__.py
end_of_record
SF:src\infrastructure\security\auth.py
DA:4,1
DA:5,1
DA:6,1
DA:7,1
DA:8,1
DA:9,1
DA:10,1
DA:11,1
DA:12,1
DA:15,1
DA:16,1
DA:17,1
DA:18,1
DA:21,1
DA:24,1
DA:26,1
DA:28,1
DA:29,1
DA:30,1
DA:31,1
DA:33,1
DA:35,1
DA:36,1
DA:38,1
DA:40,1
DA:41,1
DA:43,1
DA:45,1
DA:46,1
DA:47,1
DA:49,1
DA:51,0
DA:53,1
DA:55,0
DA:57,1
DA:59,0
DA:60,0
DA:61,0
DA:63,0
DA:65,0
DA:66,0
DA:67,0
DA:69,1
DA:71,0
DA:72,0
DA:73,0
DA:74,0
DA:75,0
DA:77,1
DA:79,0
DA:80,0
DA:81,0
DA:82,0
DA:84,0
DA:85,0
DA:91,0
DA:93,0
DA:94,0
DA:100,1
DA:102,0
DA:106,0
DA:111,1
DA:113,0
DA:114,0
DA:115,0
DA:119,0
DA:120,0
DA:122,1
DA:125,1
DA:126,1
DA:128,1
DA:134,0
DA:135,0
DA:138,0
DA:144,0
DA:145,0
DA:148,0
DA:150,0
DA:156,1
DA:158,0
DA:159,0
DA:160,0
DA:162,0
DA:163,0
DA:166,0
DA:172,0
DA:174,0
DA:180,0
DA:181,0
DA:183,1
DA:185,0
DA:186,0
DA:187,0
DA:188,0
DA:191,1
LF:95
LH:44
FN:49,51,verify_password
FNDA:0,verify_password
FN:53,55,get_password_hash
FNDA:0,get_password_hash
FN:57,67,create_access_token
FNDA:0,create_access_token
FN:69,75,create_refresh_token
FNDA:0,create_refresh_token
FN:77,98,verify_token
FNDA:0,verify_token
FN:100,109,get_current_user
FNDA:0,get_current_user
FN:111,120,require_scope
FNDA:0,require_scope
FN:113,119,require_scope.scope_checker
FNDA:0,require_scope.scope_checker
FN:125,126,AuthenticationService.__init__
FNDA:1,AuthenticationService.__init__
FN:128,154,AuthenticationService.authenticate_wallet
FNDA:0,AuthenticationService.authenticate_wallet
FN:156,181,AuthenticationService.refresh_access_token
FNDA:0,AuthenticationService.refresh_access_token
FN:183,188,AuthenticationService.revoke_token
FNDA:0,AuthenticationService.revoke_token
FNF:12
FNH:1
end_of_record
SF:src\infrastructure\security\encryption.py
DA:4,1
DA:5,1
DA:6,1
DA:7,1
DA:8,1
DA:9,1
DA:11,1
DA:14,1
DA:21,1
DA:23,1
DA:25,1
DA:26,1
DA:27,1
DA:28,1
DA:31,1
DA:33,1
DA:36,1
DA:38,1
DA:45,1
DA:46,1
DA:48,1
DA:58,1
DA:59,1
DA:60,1
DA:61,0
DA:62,0
DA:64,1
DA:74,1
DA:75,1
DA:76,1
DA:77,1
DA:78,0
DA:79,0
DA:81,1
DA:91,0
DA:92,0
DA:93,0
DA:94,0
DA:95,0
DA:97,1
DA:107,0
DA:108,0
DA:109,0
DA:110,0
DA:111,0
DA:112,0
DA:114,1
DA:124,0
DA:126,0
DA:127,0
DA:128,0
DA:129,0
DA:132,1
LF:53
LH:33
FN:14,31,EncryptionService.__init__
FNDA:1,EncryptionService.__init__
FN:33,46,EncryptionService._create_fernet
FNDA:1,EncryptionService._create_fernet
FN:48,62,EncryptionService.encrypt_private_key
FNDA:1,EncryptionService.encrypt_private_key
FN:64,79,EncryptionService.decrypt_private_key
FNDA:1,EncryptionService.decrypt_private_key
FN:81,95,EncryptionService.encrypt_data
FNDA:0,EncryptionService.encrypt_data
FN:97,112,EncryptionService.decrypt_data
FNDA:0,EncryptionService.decrypt_data
FN:114,129,EncryptionService.is_encrypted
FNDA:0,EncryptionService.is_encrypted
FNF:7
FNH:4
end_of_record
SF:src\infrastructure\security\rate_limiter.py
DA:4,1
DA:5,1
DA:6,1
DA:7,1
DA:8,1
DA:9,1
DA:10,1
DA:11,1
DA:13,1
DA:15,1
DA:17,1
DA:18,1
DA:19,1
DA:21,1
DA:22,1
DA:24,1
DA:25,1
DA:26,1
DA:27,1
DA:28,1
DA:30,1
DA:32,1
DA:33,0
DA:34,1
DA:35,0
DA:36,1
DA:37,0
DA:39,1
DA:40,1
DA:42,1
DA:43,1
DA:45,1
DA:47,0
DA:48,0
DA:51,0
DA:52,0
DA:54,1
DA:56,0
DA:57,0
DA:58,0
DA:60,1
DA:67,0
DA:70,0
DA:71,0
DA:72,0
DA:75,0
DA:76,0
DA:77,0
DA:80,0
DA:81,0
DA:82,0
DA:85,0
DA:86,0
DA:87,0
DA:89,0
DA:91,1
DA:94,1
DA:95,1
DA:96,1
DA:97,1
DA:98,1
DA:101,1
DA:103,1
DA:106,1
DA:176,1
DA:179,0
DA:180,0
DA:183,0
DA:184,0
DA:185,0
DA:188,0
DA:190,1
DA:192,0
DA:194,0
DA:195,0
DA:197,0
DA:198,0
DA:200,0
DA:201,0
DA:202,0
DA:204,0
DA:206,0
DA:208,1
DA:210,0
DA:212,0
DA:213,0
DA:215,0
DA:217,0
DA:218,0
DA:219,0
DA:222,0
DA:223,0
DA:224,0
DA:225,0
DA:228,0
DA:229,0
DA:232,0
DA:234,1
DA:236,0
DA:237,0
DA:238,0
DA:241,0
DA:242,0
DA:244,0
DA:245,0
DA:246,0
DA:248,0
DA:249,0
DA:251,0
DA:252,0
DA:254,1
DA:261,0
DA:263,0
DA:266,0
DA:269,0
DA:270,0
DA:272,0
DA:275,0
DA:277,0
DA:278,0
DA:279,0
DA:282,0
DA:285,0
DA:287,0
DA:289,0
DA:290,0
DA:292,0
DA:294,1
DA:296,0
DA:297,0
DA:298,0
DA:300,0
DA:301,0
DA:302,0
DA:303,0
DA:304,0
DA:306,0
DA:316,0
DA:318,0
DA:319,0
DA:320,0
DA:323,1
DA:325,1
DA:328,0
DA:330,0
DA:331,0
DA:349,0
DA:352,0
DA:353,0
DA:354,0
DA:356,0
LF:151
LH:48
FN:30,37,RateLimitConfig.__post_init__
FNDA:1,RateLimitConfig.__post_init__
FN:45,52,RateLimitEntry.add_request
FNDA:0,RateLimitEntry.add_request
FN:54,58,RateLimitEntry.get_request_count
FNDA:0,RateLimitEntry.get_request_count
FN:60,89,RateLimitEntry.is_rate_limited
FNDA:0,RateLimitEntry.is_rate_limited
FN:94,101,AdvancedRateLimiter.__init__
FNDA:1,AdvancedRateLimiter.__init__
FN:103,174,AdvancedRateLimiter._setup_default_configs
FNDA:1,AdvancedRateLimiter._setup_default_configs
FN:176,188,AdvancedRateLimiter._get_config_for_path
FNDA:0,AdvancedRateLimiter._get_config_for_path
FN:190,206,AdvancedRateLimiter._path_matches
FNDA:0,AdvancedRateLimiter._path_matches
FN:208,232,AdvancedRateLimiter._get_identifier
FNDA:0,AdvancedRateLimiter._get_identifier
FN:234,252,AdvancedRateLimiter._cleanup_old_entries
FNDA:0,AdvancedRateLimiter._cleanup_old_entries
FN:254,292,AdvancedRateLimiter.check_rate_limit
FNDA:0,AdvancedRateLimiter.check_rate_limit
FN:294,320,AdvancedRateLimiter.get_rate_limit_headers
FNDA:0,AdvancedRateLimiter.get_rate_limit_headers
FN:325,356,rate_limit_middleware
FNDA:0,rate_limit_middleware
FNF:13
FNH:3
end_of_record
SF:src\presentation\__init__.py
end_of_record
SF:src\presentation\api\__init__.py
end_of_record
SF:src\presentation\api\app.py
DA:5,1
DA:6,1
DA:7,1
DA:8,1
DA:9,1
DA:10,1
DA:11,1
DA:13,1
DA:14,1
DA:15,1
DA:16,1
DA:17,1
DA:18,1
DA:19,1
DA:20,1
DA:21,1
DA:22,1
DA:23,1
DA:24,1
DA:27,1
DA:31,1
DA:36,1
DA:37,1
DA:40,1
DA:41,1
DA:42,1
DA:43,1
DA:46,1
DA:47,1
DA:48,1
DA:51,1
DA:53,1
DA:56,1
DA:58,1
DA:64,1
DA:72,1
DA:85,1
DA:98,1
DA:99,1
DA:101,1
DA:103,1
DA:104,1
DA:105,1
DA:107,1
DA:113,1
DA:115,1
DA:117,0
DA:118,0
DA:119,0
DA:124,0
DA:128,1
DA:129,1
DA:131,1
DA:141,1
DA:142,1
DA:146,1
DA:164,1
DA:165,1
DA:167,0
DA:183,1
DA:186,1
DA:189,1
DA:192,1
DA:195,1
DA:198,1
DA:199,1
DA:202,1
DA:205,1
DA:208,1
DA:214,1
DA:216,1
DA:221,1
DA:227,1
DA:228,1
DA:230,0
LF:75
LH:69
FN:37,58,lifespan
FNDA:1,lifespan
FN:64,216,create_app
FNDA:1,create_app
FN:99,124,create_app.log_requests
FNDA:1,create_app.log_requests
FN:129,139,create_app.domain_exception_handler
FNDA:1,create_app.domain_exception_handler
FN:142,162,create_app.validation_exception_handler
FNDA:1,create_app.validation_exception_handler
FN:165,178,create_app.general_exception_handler
FNDA:0,create_app.general_exception_handler
FN:228,234,version
FNDA:0,version
FNF:7
FNH:5
end_of_record
SF:src\presentation\api\dependencies.py
DA:5,1
DA:6,1
DA:8,1
DA:9,1
DA:10,1
DA:16,1
DA:18,1
DA:24,1
DA:28,1
DA:31,1
DA:35,1
DA:39,1
DA:42,1
LF:13
LH:13
FN:16,18,get_di_container
FNDA:1,get_di_container
FN:24,28,get_create_wallet_handler
FNDA:1,get_create_wallet_handler
FN:31,35,get_get_wallet_handler
FNDA:1,get_get_wallet_handler
FNF:3
FNH:3
end_of_record
SF:src\presentation\api\routers\__init__.py
end_of_record
SF:src\presentation\api\routers\auth_router.py
DA:4,1
DA:5,1
DA:6,1
DA:7,1
DA:9,1
DA:18,1
DA:20,1
DA:22,1
DA:23,1
DA:25,1
DA:27,1
DA:29,1
DA:31,1
DA:33,1
DA:39,1
DA:48,0
DA:49,0
DA:54,0
DA:55,0
DA:61,0
DA:63,0
DA:64,0
DA:69,1
DA:75,1
DA:81,0
DA:82,0
DA:84,0
DA:85,0
DA:91,0
DA:93,0
DA:94,0
DA:99,1
DA:104,1
DA:110,0
DA:111,0
DA:113,0
DA:114,0
DA:119,0
DA:124,0
DA:125,0
DA:130,1
DA:136,1
DA:144,0
DA:146,1
DA:151,1
DA:159,0
DA:160,0
DA:162,0
DA:164,0
DA:170,0
DA:171,0
LF:51
LH:23
FN:39,67,login
FNDA:0,login
FN:75,97,refresh_token
FNDA:0,refresh_token
FN:104,128,logout
FNDA:0,logout
FN:136,144,get_current_user_info
FNDA:0,get_current_user_info
FN:151,174,verify_token
FNDA:0,verify_token
FNF:5
FNH:0
end_of_record
SF:src\presentation\api\routers\consensus\consensus_router.py
DA:5,1
DA:6,1
DA:8,1
DA:9,1
DA:10,1
DA:11,1
DA:12,1
DA:13,1
DA:16,1
DA:28,1
DA:34,0
DA:35,0
DA:37,0
DA:38,0
DA:40,0
DA:43,1
DA:50,1
DA:66,0
DA:68,0
DA:69,0
DA:72,0
DA:79,0
DA:81,0
DA:83,0
DA:84,0
DA:88,0
DA:89,0
DA:93,0
DA:94,0
DA:100,1
DA:106,1
DA:113,0
DA:114,0
DA:116,0
DA:117,0
DA:120,0
DA:121,0
DA:122,0
DA:133,0
DA:135,0
DA:137,0
DA:138,0
DA:144,1
DA:150,1
DA:157,0
DA:158,0
DA:160,0
DA:161,0
DA:164,0
DA:165,0
DA:166,0
DA:177,0
DA:179,0
DA:181,0
DA:182,0
DA:188,1
DA:194,1
DA:201,0
DA:202,0
DA:204,0
DA:205,0
DA:207,0
DA:215,0
DA:216,0
LF:64
LH:18
FN:28,40,get_register_validator_handler
FNDA:0,get_register_validator_handler
FN:50,97,register_validator
FNDA:0,register_validator
FN:106,141,list_validators
FNDA:0,list_validators
FN:150,185,list_active_validators
FNDA:0,list_active_validators
FN:194,219,get_consensus_stats
FNDA:0,get_consensus_stats
FNF:5
FNH:0
end_of_record
SF:src\presentation\api\routers\health_router.py
DA:5,1
DA:6,1
DA:7,1
DA:9,1
DA:12,1
DA:15,1
DA:16,1
DA:18,0
DA:27,1
DA:33,1
DA:39,0
DA:42,1
DA:47,1
DA:54,0
DA:56,0
DA:63,1
DA:68,1
DA:70,0
DA:77,1
DA:82,1
DA:88,0
DA:106,1
DA:111,1
DA:113,0
LF:24
LH:17
FN:16,24,root
FNDA:0,root
FN:33,39,liveness
FNDA:0,liveness
FN:47,60,readiness
FNDA:0,readiness
FN:68,74,health_simple
FNDA:0,health_simple
FN:82,103,metrics
FNDA:0,metrics
FN:111,138,info
FNDA:0,info
FNF:6
FNH:0
end_of_record
SF:src\presentation\api\routers\monitoring_dashboard_router.py
DA:4,1
DA:5,1
DA:6,1
DA:7,1
DA:8,1
DA:9,1
DA:11,1
DA:12,1
DA:14,1
DA:16,1
DA:19,1
DA:20,1
DA:22,0
DA:24,1
DA:25,1
DA:27,0
DA:28,0
DA:35,1
DA:36,1
DA:38,0
DA:39,0
DA:46,1
DA:47,1
DA:49,0
DA:50,0
DA:58,1
DA:61,1
DA:62,1
DA:64,0
DA:65,0
DA:68,0
DA:69,0
DA:72,0
DA:73,0
DA:76,0
DA:77,0
DA:78,0
DA:79,0
DA:81,0
DA:87,0
DA:88,0
DA:93,1
DA:96,1
DA:97,1
DA:98,1
DA:99,1
DA:101,1
DA:103,0
DA:104,0
DA:106,0
DA:112,1
DA:114,0
DA:123,1
DA:125,1
DA:131,1
DA:137,0
DA:139,0
DA:147,0
DA:150,0
DA:156,0
DA:157,0
DA:158,0
DA:159,0
DA:160,0
DA:162,0
DA:170,0
DA:171,0
DA:176,1
DA:182,1
DA:188,0
DA:189,0
DA:205,0
DA:206,0
DA:211,1
DA:217,1
DA:223,0
DA:224,0
DA:225,0
DA:228,0
DA:229,0
DA:232,0
DA:233,0
DA:234,0
DA:237,0
DA:239,0
DA:264,0
DA:265,0
DA:270,1
DA:276,1
DA:282,0
DA:283,0
DA:293,0
DA:294,0
DA:299,1
DA:305,1
DA:307,0
DA:309,0
DA:310,0
DA:313,0
DA:314,0
DA:315,0
DA:316,0
DA:317,0
DA:319,0
DA:330,0
DA:331,0
DA:339,1
DA:341,0
DA:343,1
DA:345,0
LF:110
LH:41
FN:20,22,SystemMetrics.get_cpu_usage
FNDA:0,SystemMetrics.get_cpu_usage
FN:25,33,SystemMetrics.get_memory_usage
FNDA:0,SystemMetrics.get_memory_usage
FN:36,44,SystemMetrics.get_disk_usage
FNDA:0,SystemMetrics.get_disk_usage
FN:47,56,SystemMetrics.get_process_info
FNDA:0,SystemMetrics.get_process_info
FN:62,91,DatabaseMetrics.get_database_stats
FNDA:0,DatabaseMetrics.get_database_stats
FN:96,99,ApplicationMetrics.__init__
FNDA:1,ApplicationMetrics.__init__
FN:101,110,ApplicationMetrics.get_uptime
FNDA:0,ApplicationMetrics.get_uptime
FN:112,120,ApplicationMetrics.get_performance_metrics
FNDA:0,ApplicationMetrics.get_performance_metrics
FN:131,174,get_system_overview
FNDA:0,get_system_overview
FN:182,209,get_system_metrics
FNDA:0,get_system_metrics
FN:217,268,get_database_metrics
FNDA:0,get_database_metrics
FN:276,297,get_performance_metrics
FNDA:0,get_performance_metrics
FN:305,336,dashboard_health_check
FNDA:0,dashboard_health_check
FN:339,341,increment_request_count
FNDA:0,increment_request_count
FN:343,345,increment_error_count
FNDA:0,increment_error_count
FNF:15
FNH:1
end_of_record
SF:src\presentation\api\routers\system_router.py
DA:5,1
DA:6,1
DA:7,1
DA:9,1
DA:10,1
DA:11,1
DA:12,1
DA:15,1
DA:25,1
DA:31,1
DA:41,0
DA:42,0
DA:44,0
DA:45,0
DA:48,0
DA:49,0
DA:50,0
DA:56,0
DA:59,0
DA:62,0
DA:74,0
DA:75,0
DA:79,0
DA:80,0
DA:86,1
DA:92,1
DA:102,0
DA:103,0
DA:105,0
DA:106,0
DA:109,0
DA:110,0
DA:111,0
DA:117,0
DA:120,0
DA:123,0
DA:135,0
DA:136,0
DA:140,0
DA:141,0
LF:40
LH:12
FN:31,83,add_balance_faucet
FNDA:0,add_balance_faucet
FN:92,144,mint_cnb
FNDA:0,mint_cnb
FNF:2
FNH:0
end_of_record
SF:src\presentation\api\routers\transaction_history_router.py
DA:4,1
DA:5,1
DA:6,1
DA:8,1
DA:14,1
DA:16,1
DA:19,1
DA:21,1
DA:22,0
DA:23,0
DA:24,0
DA:25,0
DA:26,0
DA:27,0
DA:28,0
DA:29,0
DA:30,0
DA:31,0
DA:32,0
DA:33,0
DA:34,0
DA:35,0
DA:36,0
DA:37,0
DA:39,1
DA:41,1
DA:42,0
DA:43,0
DA:44,0
DA:45,0
DA:46,0
DA:47,0
DA:48,0
DA:49,0
DA:51,1
DA:57,1
DA:73,0
DA:75,0
DA:76,0
DA:79,0
DA:80,0
DA:81,0
DA:82,0
DA:83,0
DA:84,0
DA:89,0
DA:90,0
DA:91,0
DA:92,0
DA:93,0
DA:94,0
DA:100,0
DA:109,0
DA:110,0
DA:111,0
DA:130,0
DA:132,0
DA:133,0
DA:138,1
DA:144,1
DA:152,0
DA:154,0
DA:155,0
DA:158,0
DA:160,0
DA:161,0
DA:167,0
DA:186,0
DA:187,0
DA:188,0
DA:189,0
DA:194,1
DA:200,1
DA:210,0
DA:212,0
DA:213,0
DA:216,0
DA:217,0
DA:218,0
DA:219,0
DA:220,0
DA:221,0
DA:227,0
DA:233,0
DA:234,0
DA:235,0
DA:254,0
DA:256,0
DA:257,0
DA:258,0
DA:259,0
DA:264,1
DA:270,1
DA:280,0
DA:282,0
DA:283,0
DA:286,0
DA:291,0
DA:293,0
DA:294,0
DA:299,1
DA:304,1
DA:306,0
LF:103
LH:20
FN:21,37,TransactionHistoryResponse.__init__
FNDA:0,TransactionHistoryResponse.__init__
FN:41,49,TransactionStatsResponse.__init__
FNDA:0,TransactionStatsResponse.__init__
FN:57,136,get_wallet_history
FNDA:0,get_wallet_history
FN:144,192,get_transaction_details
FNDA:0,get_transaction_details
FN:200,262,get_recent_transactions
FNDA:0,get_recent_transactions
FN:270,297,get_transaction_stats
FNDA:0,get_transaction_stats
FN:304,310,health_check
FNDA:0,health_check
FNF:7
FNH:0
end_of_record
SF:src\presentation\api\routers\transaction_router.py
DA:5,1
DA:6,1
DA:7,1
DA:9,1
DA:16,1
DA:21,1
DA:26,1
DA:31,1
DA:32,1
DA:35,1
DA:62,1
DA:69,1
DA:82,0
DA:84,0
DA:94,0
DA:97,0
DA:113,0
DA:114,0
DA:118,0
DA:119,0
DA:123,0
DA:124,0
DA:130,1
DA:136,1
DA:142,0
DA:143,0
DA:144,0
DA:146,0
DA:147,0
DA:149,0
DA:150,0
DA:155,0
DA:171,0
DA:172,0
DA:173,0
DA:174,0
DA:180,1
DA:186,1
DA:198,0
DA:199,0
DA:201,0
DA:202,0
DA:205,0
DA:207,0
DA:208,0
DA:209,0
DA:225,0
DA:232,0
DA:233,0
DA:239,1
DA:245,1
DA:255,0
DA:256,0
DA:258,0
DA:259,0
DA:262,0
DA:264,0
DA:265,0
DA:266,0
DA:282,0
DA:289,0
DA:290,0
DA:296,1
DA:302,1
DA:306,0
DA:307,0
DA:309,0
DA:310,0
DA:312,0
DA:321,0
DA:322,0
LF:71
LH:20
FN:69,127,create_transfer
FNDA:0,create_transfer
FN:136,177,get_transaction
FNDA:0,get_transaction
FN:186,236,get_transactions_by_address
FNDA:0,get_transactions_by_address
FN:245,293,get_pending_transactions
FNDA:0,get_pending_transactions
FN:302,325,get_transaction_stats
FNDA:0,get_transaction_stats
FNF:5
FNH:0
end_of_record
SF:src\presentation\api\routers\transfer_router.py
DA:4,1
DA:5,1
DA:6,1
DA:7,1
DA:9,1
DA:14,1
DA:16,1
DA:18,1
DA:20,1
DA:21,1
DA:22,1
DA:23,1
DA:24,1
DA:26,1
DA:28,1
DA:29,1
DA:30,1
DA:31,1
DA:32,1
DA:33,1
DA:34,1
DA:35,1
DA:36,1
DA:37,1
DA:39,1
DA:46,1
DA:56,1
DA:57,1
DA:58,1
DA:59,1
DA:62,1
DA:63,1
DA:64,1
DA:67,1
DA:74,1
DA:83,1
DA:86,1
DA:99,1
DA:100,0
DA:105,1
DA:110,1
DA:112,1
LF:42
LH:41
FN:46,103,create_transfer
FNDA:1,create_transfer
FN:110,116,health_check
FNDA:1,health_check
FNF:2
FNH:2
end_of_record
SF:src\presentation\api\routers\wallet_additional.py
DA:5,1
DA:7,1
DA:12,1
DA:15,1
DA:20,1
DA:30,1
DA:36,1
DA:40,1
DA:41,1
DA:43,1
DA:45,1
DA:46,1
DA:47,1
DA:49,1
DA:50,1
DA:51,1
DA:63,1
DA:68,0
DA:69,0
DA:75,1
DA:81,1
DA:92,1
DA:93,1
DA:94,1
DA:95,1
DA:96,1
DA:98,1
DA:100,1
DA:101,1
DA:102,1
DA:105,1
DA:106,1
DA:107,0
DA:113,1
DA:116,1
DA:119,1
DA:131,0
DA:132,0
DA:133,0
DA:134,0
DA:138,0
DA:139,0
DA:145,1
DA:151,1
DA:162,1
DA:163,1
DA:164,1
DA:165,1
DA:166,1
DA:168,1
DA:170,1
DA:171,1
DA:172,1
DA:175,1
DA:176,1
DA:177,0
DA:183,1
DA:186,1
DA:189,1
DA:201,1
DA:202,0
DA:203,1
DA:204,1
DA:208,0
DA:209,0
LF:65
LH:52
FN:36,72,list_wallets
FNDA:1,list_wallets
FN:81,142,credit_wallet
FNDA:1,credit_wallet
FN:151,212,debit_wallet
FNDA:1,debit_wallet
FNF:3
FNH:3
end_of_record
SF:src\presentation\api\routers\wallet_router.py
DA:5,1
DA:7,1
DA:14,1
DA:18,1
DA:19,1
DA:20,1
DA:27,1
DA:37,1
DA:44,1
DA:54,1
DA:56,1
DA:61,1
DA:64,1
DA:72,1
DA:73,1
DA:77,0
DA:78,0
DA:82,0
DA:83,0
DA:89,1
DA:95,1
DA:101,1
DA:103,1
DA:106,1
DA:109,1
DA:121,1
DA:122,1
DA:126,0
DA:127,0
DA:131,0
DA:132,0
LF:31
LH:23
FN:44,86,create_wallet
FNDA:1,create_wallet
FN:95,135,get_wallet
FNDA:1,get_wallet
FNF:2
FNH:2
end_of_record
SF:src\presentation\schemas\__init__.py
DA:5,1
DA:11,1
DA:13,1
LF:3
LH:3
end_of_record
SF:src\presentation\schemas\common_schema.py
DA:5,1
DA:6,1
DA:9,1
DA:12,1
DA:13,1
DA:14,1
DA:15,1
DA:16,1
DA:18,1
DA:19,1
DA:29,1
DA:32,1
DA:33,1
DA:34,1
DA:35,1
DA:37,1
DA:38,1
LF:17
LH:17
end_of_record
SF:src\presentation\schemas\transaction_schema.py
DA:5,1
DA:6,1
DA:7,1
DA:10,1
DA:13,1
DA:14,1
DA:15,1
DA:16,1
DA:17,1
DA:18,1
DA:20,1
DA:21,1
DA:33,1
DA:36,1
DA:37,1
DA:38,1
DA:39,1
DA:41,1
DA:42,1
DA:52,1
DA:55,1
DA:56,1
DA:57,1
DA:58,1
DA:59,1
DA:60,1
DA:61,1
DA:62,1
DA:63,1
DA:64,1
DA:65,1
DA:66,1
DA:67,1
DA:69,1
DA:70,1
DA:89,1
DA:92,1
DA:93,1
DA:94,1
DA:95,1
DA:97,1
DA:98,1
DA:124,1
DA:127,1
DA:128,1
DA:129,1
DA:130,1
DA:131,1
DA:132,1
DA:134,1
DA:135,1
LF:51
LH:51
end_of_record
SF:src\presentation\schemas\wallet_schema.py
DA:5,1
DA:6,1
DA:9,1
DA:12,1
DA:13,1
DA:16,1
DA:20,1
DA:21,1
DA:30,1
DA:33,1
DA:34,1
DA:35,1
DA:36,1
DA:37,1
DA:39,1
DA:40,1
DA:51,1
DA:54,1
DA:55,1
DA:56,1
DA:57,1
DA:58,1
DA:59,1
DA:60,1
DA:61,1
DA:62,1
DA:64,1
DA:65,1
DA:80,1
DA:83,1
DA:84,1
DA:85,1
DA:86,1
DA:88,1
DA:89,1
DA:103,1
DA:106,1
DA:107,1
DA:109,1
DA:110,1
DA:118,1
DA:121,1
DA:122,1
DA:124,1
DA:125,1
LF:45
LH:45
end_of_record
